-------------------------------------------------------------------------------
Test set: com.test.RunTest
-------------------------------------------------------------------------------
Tests run: 5, Failures: 0, Errors: 1, Skipped: 4, Time elapsed: 0.378 s <<< FAILURE! -- in com.test.RunTest
Cenário: Abri hinario com sucesso -- Time elapsed: 0.016 s <<< ERROR!
java.lang.StackOverflowError
	at com.test.Hooks.getDriver(Hooks.java:25)
	at com.test.Hooks.getDriver(Hooks.java:25)
	at com.test.Hooks.getDriver(Hooks.java:25)
	at com.test.Hooks.getDriver(Hooks.java:25)
	at com.test.Hooks.getDriver(Hooks.java:25)
	at com.test.Hooks.getDriver(Hooks.java:25)
	at com.test.Hooks.getDriver(Hooks.java:25)
	at com.test.Hooks.getDriver(Hooks.java:25)
	at com.test.Hooks.getDriver(Hooks.java:25)
	at com.test.Hooks.getDriver(Hooks.java:25)
	at com.test.Hooks.getDriver(Hooks.java:25)
	at com.test.Hooks.getDriver(Hooks.java:25)
	at com.test.Hooks.getDriver(Hooks.java:25)
	at com.test.Hooks.getDriver(Hooks.java:25)
	at com.test.Hooks.getDriver(Hooks.java:25)
	at com.test.Hooks.getDriver(Hooks.java:25)
	at com.test.Hooks.getDriver(Hooks.java:25)
	at com.test.Hooks.getDriver(Hooks.java:25)
	at com.test.Hooks.getDriver(Hooks.java:25)
	at com.test.Hooks.getDriver(Hooks.java:25)
	at com.test.Hooks.getDriver(Hooks.java:25)
	at com.test.Hooks.getDriver(Hooks.java:25)
	at com.test.Hooks.getDriver(Hooks.java:25)
	at com.test.Hooks.getDriver(Hooks.java:25)
	at com.test.Hooks.getDriver(Hooks.java:25)
	at com.test.Hooks.getDriver(Hooks.java:25)
	at com.test.Hooks.getDriver(Hooks.java:25)
	at com.test.Hooks.getDriver(Hooks.java:25)
	at com.test.Hooks.getDriver(Hooks.java:25)
	at com.test.Hooks.getDriver(Hooks.java:25)
	at com.test.Hooks.getDriver(Hooks.java:25)
	at com.test.Hooks.getDriver(Hooks.java:25)
	at com.test.Hooks.getDriver(Hooks.java:25)
	at com.test.Hooks.getDriver(Hooks.java:25)
	at com.test.Hooks.getDriver(Hooks.java:25)
	at com.test.Hooks.getDriver(Hooks.java:25)
	at com.test.Hooks.getDriver(Hooks.java:25)
	at com.test.Hooks.getDriver(Hooks.java:25)
	at com.test.Hooks.getDriver(Hooks.java:25)
	at com.test.Hooks.getDriver(Hooks.java:25)
	at com.test.Hooks.getDriver(Hooks.java:25)
	at com.test.Hooks.getDriver(Hooks.java:25)
	at com.test.Hooks.getDriver(Hooks.java:25)
	at com.test.Hooks.getDriver(Hooks.java:25)
	at com.test.Hooks.getDriver(Hooks.java:25)
	at com.test.Hooks.getDriver(Hooks.java:25)
	at com.test.Hooks.getDriver(Hooks.java:25)
	at com.test.Hooks.getDriver(Hooks.java:25)
	at com.test.Hooks.getDriver(Hooks.java:25)
	at com.test.Hooks.getDriver(Hooks.java:25)
	at com.test.Hooks.getDriver(Hooks.java:25)
	at com.test.Hooks.getDriver(Hooks.java:25)
	at com.test.Hooks.getDriver(Hooks.java:25)
	at com.test.Hooks.getDriver(Hooks.java:25)
	at com.test.Hooks.getDriver(Hooks.java:25)
	at com.test.Hooks.getDriver(Hooks.java:25)
	at com.test.Hooks.getDriver(Hooks.java:25)
	at com.test.Hooks.getDriver(Hooks.java:25)
	at com.test.Hooks.getDriver(Hooks.java:25)
	at com.test.Hooks.getDriver(Hooks.java:25)
	at com.test.Hooks.getDriver(Hooks.java:25)
	at com.test.Hooks.getDriver(Hooks.java:25)
	at com.test.Hooks.getDriver(Hooks.java:25)
	at com.test.Hooks.getDriver(Hooks.java:25)
	at com.test.Hooks.getDriver(Hooks.java:25)
	at com.test.Hooks.getDriver(Hooks.java:25)
	at com.test.Hooks.getDriver(Hooks.java:25)
	at com.test.Hooks.getDriver(Hooks.java:25)
	at com.test.Hooks.getDriver(Hooks.java:25)
	at com.test.Hooks.getDriver(Hooks.java:25)
	at com.test.Hooks.getDriver(Hooks.java:25)
	at com.test.Hooks.getDriver(Hooks.java:25)
	at com.test.Hooks.getDriver(Hooks.java:25)
	at com.test.Hooks.getDriver(Hooks.java:25)
	at com.test.Hooks.getDriver(Hooks.java:25)
	at com.test.Hooks.getDriver(Hooks.java:25)
	at com.test.Hooks.getDriver(Hooks.java:25)
	at com.test.Hooks.getDriver(Hooks.java:25)
	at com.test.Hooks.getDriver(Hooks.java:25)
	at com.test.Hooks.getDriver(Hooks.java:25)
	at com.test.Hooks.getDriver(Hooks.java:25)
	at com.test.Hooks.getDriver(Hooks.java:25)
	at com.test.Hooks.getDriver(Hooks.java:25)
	at com.test.Hooks.getDriver(Hooks.java:25)
	at com.test.Hooks.getDriver(Hooks.java:25)
	at com.test.Hooks.getDriver(Hooks.java:25)
	at com.test.Hooks.getDriver(Hooks.java:25)
	at com.test.Hooks.getDriver(Hooks.java:25)
	at com.test.Hooks.getDriver(Hooks.java:25)
	at com.test.Hooks.getDriver(Hooks.java:25)
	at com.test.Hooks.getDriver(Hooks.java:25)
	at com.test.Hooks.getDriver(Hooks.java:25)
	at com.test.Hooks.getDriver(Hooks.java:25)
	at com.test.Hooks.getDriver(Hooks.java:25)
	at com.test.Hooks.getDriver(Hooks.java:25)
	at com.test.Hooks.getDriver(Hooks.java:25)
	at com.test.Hooks.getDriver(Hooks.java:25)
	at com.test.Hooks.getDriver(Hooks.java:25)
	at com.test.Hooks.getDriver(Hooks.java:25)
	at com.test.Hooks.getDriver(Hooks.java:25)
	at com.test.Hooks.getDriver(Hooks.java:25)
	at com.test.Hooks.getDriver(Hooks.java:25)
	at com.test.Hooks.getDriver(Hooks.java:25)
	at com.test.Hooks.getDriver(Hooks.java:25)
	at com.test.Hooks.getDriver(Hooks.java:25)
	at com.test.Hooks.getDriver(Hooks.java:25)
	at com.test.Hooks.getDriver(Hooks.java:25)
	at com.test.Hooks.getDriver(Hooks.java:25)
	at com.test.Hooks.getDriver(Hooks.java:25)
	at com.test.Hooks.getDriver(Hooks.java:25)
	at com.test.Hooks.getDriver(Hooks.java:25)
	at com.test.Hooks.getDriver(Hooks.java:25)
	at com.test.Hooks.getDriver(Hooks.java:25)
	at com.test.Hooks.getDriver(Hooks.java:25)
	at com.test.Hooks.getDriver(Hooks.java:25)
	at com.test.Hooks.getDriver(Hooks.java:25)
	at com.test.Hooks.getDriver(Hooks.java:25)
	at com.test.Hooks.getDriver(Hooks.java:25)
	at com.test.Hooks.getDriver(Hooks.java:25)
	at com.test.Hooks.getDriver(Hooks.java:25)
	at com.test.Hooks.getDriver(Hooks.java:25)
	at com.test.Hooks.getDriver(Hooks.java:25)
	at com.test.Hooks.getDriver(Hooks.java:25)
	at com.test.Hooks.getDriver(Hooks.java:25)
	at com.test.Hooks.getDriver(Hooks.java:25)
	at com.test.Hooks.getDriver(Hooks.java:25)
	at com.test.Hooks.getDriver(Hooks.java:25)
	at com.test.Hooks.getDriver(Hooks.java:25)
	at com.test.Hooks.getDriver(Hooks.java:25)
	at com.test.Hooks.getDriver(Hooks.java:25)
	at com.test.Hooks.getDriver(Hooks.java:25)
	at com.test.Hooks.getDriver(Hooks.java:25)
	at com.test.Hooks.getDriver(Hooks.java:25)
	at com.test.Hooks.getDriver(Hooks.java:25)
	at com.test.Hooks.getDriver(Hooks.java:25)
	at com.test.Hooks.getDriver(Hooks.java:25)
	at com.test.Hooks.getDriver(Hooks.java:25)
	at com.test.Hooks.getDriver(Hooks.java:25)
	at com.test.Hooks.getDriver(Hooks.java:25)
	at com.test.Hooks.getDriver(Hooks.java:25)
	at com.test.Hooks.getDriver(Hooks.java:25)
	at com.test.Hooks.getDriver(Hooks.java:25)
	at com.test.Hooks.getDriver(Hooks.java:25)
	at com.test.Hooks.getDriver(Hooks.java:25)
	at com.test.Hooks.getDriver(Hooks.java:25)
	at com.test.Hooks.getDriver(Hooks.java:25)
	at com.test.Hooks.getDriver(Hooks.java:25)
	at com.test.Hooks.getDriver(Hooks.java:25)
	at com.test.Hooks.getDriver(Hooks.java:25)
	at com.test.Hooks.getDriver(Hooks.java:25)
	at com.test.Hooks.getDriver(Hooks.java:25)
	at com.test.Hooks.getDriver(Hooks.java:25)
	at com.test.Hooks.getDriver(Hooks.java:25)
	at com.test.Hooks.getDriver(Hooks.java:25)
	at com.test.Hooks.getDriver(Hooks.java:25)
	at com.test.Hooks.getDriver(Hooks.java:25)
	at com.test.Hooks.getDriver(Hooks.java:25)
	at com.test.Hooks.getDriver(Hooks.java:25)
	at com.test.Hooks.getDriver(Hooks.java:25)
	at com.test.Hooks.getDriver(Hooks.java:25)
	at com.test.Hooks.getDriver(Hooks.java:25)
	at com.test.Hooks.getDriver(Hooks.java:25)
	at com.test.Hooks.getDriver(Hooks.java:25)
	at com.test.Hooks.getDriver(Hooks.java:25)
	at com.test.Hooks.getDriver(Hooks.java:25)
	at com.test.Hooks.getDriver(Hooks.java:25)
	at com.test.Hooks.getDriver(Hooks.java:25)
	at com.test.Hooks.getDriver(Hooks.java:25)
	at com.test.Hooks.getDriver(Hooks.java:25)
	at com.test.Hooks.getDriver(Hooks.java:25)
	at com.test.Hooks.getDriver(Hooks.java:25)
	at com.test.Hooks.getDriver(Hooks.java:25)
	at com.test.Hooks.getDriver(Hooks.java:25)
	at com.test.Hooks.getDriver(Hooks.java:25)
	at com.test.Hooks.getDriver(Hooks.java:25)
	at com.test.Hooks.getDriver(Hooks.java:25)
	at com.test.Hooks.getDriver(Hooks.java:25)
	at com.test.Hooks.getDriver(Hooks.java:25)
	at com.test.Hooks.getDriver(Hooks.java:25)
	at com.test.Hooks.getDriver(Hooks.java:25)
	at com.test.Hooks.getDriver(Hooks.java:25)
	at com.test.Hooks.getDriver(Hooks.java:25)
	at com.test.Hooks.getDriver(Hooks.java:25)
	at com.test.Hooks.getDriver(Hooks.java:25)
	at com.test.Hooks.getDriver(Hooks.java:25)
	at com.test.Hooks.getDriver(Hooks.java:25)
	at com.test.Hooks.getDriver(Hooks.java:25)
	at com.test.Hooks.getDriver(Hooks.java:25)
	at com.test.Hooks.getDriver(Hooks.java:25)
	at com.test.Hooks.getDriver(Hooks.java:25)
	at com.test.Hooks.getDriver(Hooks.java:25)
	at com.test.Hooks.getDriver(Hooks.java:25)
	at com.test.Hooks.getDriver(Hooks.java:25)
	at com.test.Hooks.getDriver(Hooks.java:25)
	at com.test.Hooks.getDriver(Hooks.java:25)
	at com.test.Hooks.getDriver(Hooks.java:25)
	at com.test.Hooks.getDriver(Hooks.java:25)
	at com.test.Hooks.getDriver(Hooks.java:25)
	at com.test.Hooks.getDriver(Hooks.java:25)
	at com.test.Hooks.getDriver(Hooks.java:25)
	at com.test.Hooks.getDriver(Hooks.java:25)
	at com.test.Hooks.getDriver(Hooks.java:25)
	at com.test.Hooks.getDriver(Hooks.java:25)
	at com.test.Hooks.getDriver(Hooks.java:25)
	at com.test.Hooks.getDriver(Hooks.java:25)
	at com.test.Hooks.getDriver(Hooks.java:25)
	at com.test.Hooks.getDriver(Hooks.java:25)
	at com.test.Hooks.getDriver(Hooks.java:25)
	at com.test.Hooks.getDriver(Hooks.java:25)
	at com.test.Hooks.getDriver(Hooks.java:25)
	at com.test.Hooks.getDriver(Hooks.java:25)
	at com.test.Hooks.getDriver(Hooks.java:25)
	at com.test.Hooks.getDriver(Hooks.java:25)
	at com.test.Hooks.getDriver(Hooks.java:25)
	at com.test.Hooks.getDriver(Hooks.java:25)
	at com.test.Hooks.getDriver(Hooks.java:25)
	at com.test.Hooks.getDriver(Hooks.java:25)
	at com.test.Hooks.getDriver(Hooks.java:25)
	at com.test.Hooks.getDriver(Hooks.java:25)
	at com.test.Hooks.getDriver(Hooks.java:25)
	at com.test.Hooks.getDriver(Hooks.java:25)
	at com.test.Hooks.getDriver(Hooks.java:25)
	at com.test.Hooks.getDriver(Hooks.java:25)
	at com.test.Hooks.getDriver(Hooks.java:25)
	at com.test.Hooks.getDriver(Hooks.java:25)
	at com.test.Hooks.getDriver(Hooks.java:25)
	at com.test.Hooks.getDriver(Hooks.java:25)
	at com.test.Hooks.getDriver(Hooks.java:25)
	at com.test.Hooks.getDriver(Hooks.java:25)
	at com.test.Hooks.getDriver(Hooks.java:25)
	at com.test.Hooks.getDriver(Hooks.java:25)
	at com.test.Hooks.getDriver(Hooks.java:25)
	at com.test.Hooks.getDriver(Hooks.java:25)
	at com.test.Hooks.getDriver(Hooks.java:25)
	at com.test.Hooks.getDriver(Hooks.java:25)
	at com.test.Hooks.getDriver(Hooks.java:25)
	at com.test.Hooks.getDriver(Hooks.java:25)
	at com.test.Hooks.getDriver(Hooks.java:25)
	at com.test.Hooks.getDriver(Hooks.java:25)
	at com.test.Hooks.getDriver(Hooks.java:25)
	at com.test.Hooks.getDriver(Hooks.java:25)
	at com.test.Hooks.getDriver(Hooks.java:25)
	at com.test.Hooks.getDriver(Hooks.java:25)
	at com.test.Hooks.getDriver(Hooks.java:25)
	at com.test.Hooks.getDriver(Hooks.java:25)
	at com.test.Hooks.getDriver(Hooks.java:25)
	at com.test.Hooks.getDriver(Hooks.java:25)
	at com.test.Hooks.getDriver(Hooks.java:25)
	at com.test.Hooks.getDriver(Hooks.java:25)
	at com.test.Hooks.getDriver(Hooks.java:25)
	at com.test.Hooks.getDriver(Hooks.java:25)
	at com.test.Hooks.getDriver(Hooks.java:25)
	at com.test.Hooks.getDriver(Hooks.java:25)
	at com.test.Hooks.getDriver(Hooks.java:25)
	at com.test.Hooks.getDriver(Hooks.java:25)
	at com.test.Hooks.getDriver(Hooks.java:25)
	at com.test.Hooks.getDriver(Hooks.java:25)
	at com.test.Hooks.getDriver(Hooks.java:25)
	at com.test.Hooks.getDriver(Hooks.java:25)
	at com.test.Hooks.getDriver(Hooks.java:25)
	at com.test.Hooks.getDriver(Hooks.java:25)
	at com.test.Hooks.getDriver(Hooks.java:25)
	at com.test.Hooks.getDriver(Hooks.java:25)
	at com.test.Hooks.getDriver(Hooks.java:25)
	at com.test.Hooks.getDriver(Hooks.java:25)
	at com.test.Hooks.getDriver(Hooks.java:25)
	at com.test.Hooks.getDriver(Hooks.java:25)
	at com.test.Hooks.getDriver(Hooks.java:25)
	at com.test.Hooks.getDriver(Hooks.java:25)
	at com.test.Hooks.getDriver(Hooks.java:25)
	at com.test.Hooks.getDriver(Hooks.java:25)
	at com.test.Hooks.getDriver(Hooks.java:25)
	at com.test.Hooks.getDriver(Hooks.java:25)
	at com.test.Hooks.getDriver(Hooks.java:25)
	at com.test.Hooks.getDriver(Hooks.java:25)
	at com.test.Hooks.getDriver(Hooks.java:25)
	at com.test.Hooks.getDriver(Hooks.java:25)
	at com.test.Hooks.getDriver(Hooks.java:25)
	at com.test.Hooks.getDriver(Hooks.java:25)
	at com.test.Hooks.getDriver(Hooks.java:25)
	at com.test.Hooks.getDriver(Hooks.java:25)
	at com.test.Hooks.getDriver(Hooks.java:25)
	at com.test.Hooks.getDriver(Hooks.java:25)
	at com.test.Hooks.getDriver(Hooks.java:25)
	at com.test.Hooks.getDriver(Hooks.java:25)
	at com.test.Hooks.getDriver(Hooks.java:25)
	at com.test.Hooks.getDriver(Hooks.java:25)
	at com.test.Hooks.getDriver(Hooks.java:25)
	at com.test.Hooks.getDriver(Hooks.java:25)
	at com.test.Hooks.getDriver(Hooks.java:25)
	at com.test.Hooks.getDriver(Hooks.java:25)
	at com.test.Hooks.getDriver(Hooks.java:25)
	at com.test.Hooks.getDriver(Hooks.java:25)
	at com.test.Hooks.getDriver(Hooks.java:25)
	at com.test.Hooks.getDriver(Hooks.java:25)
	at com.test.Hooks.getDriver(Hooks.java:25)
	at com.test.Hooks.getDriver(Hooks.java:25)
	at com.test.Hooks.getDriver(Hooks.java:25)
	at com.test.Hooks.getDriver(Hooks.java:25)
	at com.test.Hooks.getDriver(Hooks.java:25)
	at com.test.Hooks.getDriver(Hooks.java:25)
	at com.test.Hooks.getDriver(Hooks.java:25)
	at com.test.Hooks.getDriver(Hooks.java:25)
	at com.test.Hooks.getDriver(Hooks.java:25)
	at com.test.Hooks.getDriver(Hooks.java:25)
	at com.test.Hooks.getDriver(Hooks.java:25)
	at com.test.Hooks.getDriver(Hooks.java:25)
	at com.test.Hooks.getDriver(Hooks.java:25)
	at com.test.Hooks.getDriver(Hooks.java:25)
	at com.test.Hooks.getDriver(Hooks.java:25)
	at com.test.Hooks.getDriver(Hooks.java:25)
	at com.test.Hooks.getDriver(Hooks.java:25)
	at com.test.Hooks.getDriver(Hooks.java:25)
	at com.test.Hooks.getDriver(Hooks.java:25)
	at com.test.Hooks.getDriver(Hooks.java:25)
	at com.test.Hooks.getDriver(Hooks.java:25)
	at com.test.Hooks.getDriver(Hooks.java:25)
	at com.test.Hooks.getDriver(Hooks.java:25)
	at com.test.Hooks.getDriver(Hooks.java:25)
	at com.test.Hooks.getDriver(Hooks.java:25)
	at com.test.Hooks.getDriver(Hooks.java:25)
	at com.test.Hooks.getDriver(Hooks.java:25)
	at com.test.Hooks.getDriver(Hooks.java:25)
	at com.test.Hooks.getDriver(Hooks.java:25)
	at com.test.Hooks.getDriver(Hooks.java:25)
	at com.test.Hooks.getDriver(Hooks.java:25)
	at com.test.Hooks.getDriver(Hooks.java:25)
	at com.test.Hooks.getDriver(Hooks.java:25)
	at com.test.Hooks.getDriver(Hooks.java:25)
	at com.test.Hooks.getDriver(Hooks.java:25)
	at com.test.Hooks.getDriver(Hooks.java:25)
	at com.test.Hooks.getDriver(Hooks.java:25)
	at com.test.Hooks.getDriver(Hooks.java:25)
	at com.test.Hooks.getDriver(Hooks.java:25)
	at com.test.Hooks.getDriver(Hooks.java:25)
	at com.test.Hooks.getDriver(Hooks.java:25)
	at com.test.Hooks.getDriver(Hooks.java:25)
	at com.test.Hooks.getDriver(Hooks.java:25)
	at com.test.Hooks.getDriver(Hooks.java:25)
	at com.test.Hooks.getDriver(Hooks.java:25)
	at com.test.Hooks.getDriver(Hooks.java:25)
	at com.test.Hooks.getDriver(Hooks.java:25)
	at com.test.Hooks.getDriver(Hooks.java:25)
	at com.test.Hooks.getDriver(Hooks.java:25)
	at com.test.Hooks.getDriver(Hooks.java:25)
	at com.test.Hooks.getDriver(Hooks.java:25)
	at com.test.Hooks.getDriver(Hooks.java:25)
	at com.test.Hooks.getDriver(Hooks.java:25)
	at com.test.Hooks.getDriver(Hooks.java:25)
	at com.test.Hooks.getDriver(Hooks.java:25)
	at com.test.Hooks.getDriver(Hooks.java:25)
	at com.test.Hooks.getDriver(Hooks.java:25)
	at com.test.Hooks.getDriver(Hooks.java:25)
	at com.test.Hooks.getDriver(Hooks.java:25)
	at com.test.Hooks.getDriver(Hooks.java:25)
	at com.test.Hooks.getDriver(Hooks.java:25)
	at com.test.Hooks.getDriver(Hooks.java:25)
	at com.test.Hooks.getDriver(Hooks.java:25)
	at com.test.Hooks.getDriver(Hooks.java:25)
	at com.test.Hooks.getDriver(Hooks.java:25)
	at com.test.Hooks.getDriver(Hooks.java:25)
	at com.test.Hooks.getDriver(Hooks.java:25)
	at com.test.Hooks.getDriver(Hooks.java:25)
	at com.test.Hooks.getDriver(Hooks.java:25)
	at com.test.Hooks.getDriver(Hooks.java:25)
	at com.test.Hooks.getDriver(Hooks.java:25)
	at com.test.Hooks.getDriver(Hooks.java:25)
	at com.test.Hooks.getDriver(Hooks.java:25)
	at com.test.Hooks.getDriver(Hooks.java:25)
	at com.test.Hooks.getDriver(Hooks.java:25)
	at com.test.Hooks.getDriver(Hooks.java:25)
	at com.test.Hooks.getDriver(Hooks.java:25)
	at com.test.Hooks.getDriver(Hooks.java:25)
	at com.test.Hooks.getDriver(Hooks.java:25)
	at com.test.Hooks.getDriver(Hooks.java:25)
	at com.test.Hooks.getDriver(Hooks.java:25)
	at com.test.Hooks.getDriver(Hooks.java:25)
	at com.test.Hooks.getDriver(Hooks.java:25)
	at com.test.Hooks.getDriver(Hooks.java:25)
	at com.test.Hooks.getDriver(Hooks.java:25)
	at com.test.Hooks.getDriver(Hooks.java:25)
	at com.test.Hooks.getDriver(Hooks.java:25)
	at com.test.Hooks.getDriver(Hooks.java:25)
	at com.test.Hooks.getDriver(Hooks.java:25)
	at com.test.Hooks.getDriver(Hooks.java:25)
	at com.test.Hooks.getDriver(Hooks.java:25)
	at com.test.Hooks.getDriver(Hooks.java:25)
	at com.test.Hooks.getDriver(Hooks.java:25)
	at com.test.Hooks.getDriver(Hooks.java:25)
	at com.test.Hooks.getDriver(Hooks.java:25)
	at com.test.Hooks.getDriver(Hooks.java:25)
	at com.test.Hooks.getDriver(Hooks.java:25)
	at com.test.Hooks.getDriver(Hooks.java:25)
	at com.test.Hooks.getDriver(Hooks.java:25)
	at com.test.Hooks.getDriver(Hooks.java:25)
	at com.test.Hooks.getDriver(Hooks.java:25)
	at com.test.Hooks.getDriver(Hooks.java:25)
	at com.test.Hooks.getDriver(Hooks.java:25)
	at com.test.Hooks.getDriver(Hooks.java:25)
	at com.test.Hooks.getDriver(Hooks.java:25)
	at com.test.Hooks.getDriver(Hooks.java:25)
	at com.test.Hooks.getDriver(Hooks.java:25)
	at com.test.Hooks.getDriver(Hooks.java:25)
	at com.test.Hooks.getDriver(Hooks.java:25)
	at com.test.Hooks.getDriver(Hooks.java:25)
	at com.test.Hooks.getDriver(Hooks.java:25)
	at com.test.Hooks.getDriver(Hooks.java:25)
	at com.test.Hooks.getDriver(Hooks.java:25)
	at com.test.Hooks.getDriver(Hooks.java:25)
	at com.test.Hooks.getDriver(Hooks.java:25)
	at com.test.Hooks.getDriver(Hooks.java:25)
	at com.test.Hooks.getDriver(Hooks.java:25)
	at com.test.Hooks.getDriver(Hooks.java:25)
	at com.test.Hooks.getDriver(Hooks.java:25)
	at com.test.Hooks.getDriver(Hooks.java:25)
	at com.test.Hooks.getDriver(Hooks.java:25)
	at com.test.Hooks.getDriver(Hooks.java:25)
	at com.test.Hooks.getDriver(Hooks.java:25)
	at com.test.Hooks.getDriver(Hooks.java:25)
	at com.test.Hooks.getDriver(Hooks.java:25)
	at com.test.Hooks.getDriver(Hooks.java:25)
	at com.test.Hooks.getDriver(Hooks.java:25)
	at com.test.Hooks.getDriver(Hooks.java:25)
	at com.test.Hooks.getDriver(Hooks.java:25)
	at com.test.Hooks.getDriver(Hooks.java:25)
	at com.test.Hooks.getDriver(Hooks.java:25)
	at com.test.Hooks.getDriver(Hooks.java:25)
	at com.test.Hooks.getDriver(Hooks.java:25)
	at com.test.Hooks.getDriver(Hooks.java:25)
	at com.test.Hooks.getDriver(Hooks.java:25)
	at com.test.Hooks.getDriver(Hooks.java:25)
	at com.test.Hooks.getDriver(Hooks.java:25)
	at com.test.Hooks.getDriver(Hooks.java:25)
	at com.test.Hooks.getDriver(Hooks.java:25)
	at com.test.Hooks.getDriver(Hooks.java:25)
	at com.test.Hooks.getDriver(Hooks.java:25)
	at com.test.Hooks.getDriver(Hooks.java:25)
	at com.test.Hooks.getDriver(Hooks.java:25)
	at com.test.Hooks.getDriver(Hooks.java:25)
	at com.test.Hooks.getDriver(Hooks.java:25)
	at com.test.Hooks.getDriver(Hooks.java:25)
	at com.test.Hooks.getDriver(Hooks.java:25)
	at com.test.Hooks.getDriver(Hooks.java:25)
	at com.test.Hooks.getDriver(Hooks.java:25)
	at com.test.Hooks.getDriver(Hooks.java:25)
	at com.test.Hooks.getDriver(Hooks.java:25)
	at com.test.Hooks.getDriver(Hooks.java:25)
	at com.test.Hooks.getDriver(Hooks.java:25)
	at com.test.Hooks.getDriver(Hooks.java:25)
	at com.test.Hooks.getDriver(Hooks.java:25)
	at com.test.Hooks.getDriver(Hooks.java:25)
	at com.test.Hooks.getDriver(Hooks.java:25)
	at com.test.Hooks.getDriver(Hooks.java:25)
	at com.test.Hooks.getDriver(Hooks.java:25)
	at com.test.Hooks.getDriver(Hooks.java:25)
	at com.test.Hooks.getDriver(Hooks.java:25)
	at com.test.Hooks.getDriver(Hooks.java:25)
	at com.test.Hooks.getDriver(Hooks.java:25)
	at com.test.Hooks.getDriver(Hooks.java:25)
	at com.test.Hooks.getDriver(Hooks.java:25)
	at com.test.Hooks.getDriver(Hooks.java:25)
	at com.test.Hooks.getDriver(Hooks.java:25)
	at com.test.Hooks.getDriver(Hooks.java:25)
	at com.test.Hooks.getDriver(Hooks.java:25)
	at com.test.Hooks.getDriver(Hooks.java:25)
	at com.test.Hooks.getDriver(Hooks.java:25)
	at com.test.Hooks.getDriver(Hooks.java:25)
	at com.test.Hooks.getDriver(Hooks.java:25)
	at com.test.Hooks.getDriver(Hooks.java:25)
	at com.test.Hooks.getDriver(Hooks.java:25)
	at com.test.Hooks.getDriver(Hooks.java:25)
	at com.test.Hooks.getDriver(Hooks.java:25)
	at com.test.Hooks.getDriver(Hooks.java:25)
	at com.test.Hooks.getDriver(Hooks.java:25)
	at com.test.Hooks.getDriver(Hooks.java:25)
	at com.test.Hooks.getDriver(Hooks.java:25)
	at com.test.Hooks.getDriver(Hooks.java:25)
	at com.test.Hooks.getDriver(Hooks.java:25)
	at com.test.Hooks.getDriver(Hooks.java:25)
	at com.test.Hooks.getDriver(Hooks.java:25)
	at com.test.Hooks.getDriver(Hooks.java:25)
	at com.test.Hooks.getDriver(Hooks.java:25)
	at com.test.Hooks.getDriver(Hooks.java:25)
	at com.test.Hooks.getDriver(Hooks.java:25)
	at com.test.Hooks.getDriver(Hooks.java:25)
	at com.test.Hooks.getDriver(Hooks.java:25)
	at com.test.Hooks.getDriver(Hooks.java:25)
	at com.test.Hooks.getDriver(Hooks.java:25)
	at com.test.Hooks.getDriver(Hooks.java:25)
	at com.test.Hooks.getDriver(Hooks.java:25)
	at com.test.Hooks.getDriver(Hooks.java:25)
	at com.test.Hooks.getDriver(Hooks.java:25)
	at com.test.Hooks.getDriver(Hooks.java:25)
	at com.test.Hooks.getDriver(Hooks.java:25)
	at com.test.Hooks.getDriver(Hooks.java:25)
	at com.test.Hooks.getDriver(Hooks.java:25)
	at com.test.Hooks.getDriver(Hooks.java:25)
	at com.test.Hooks.getDriver(Hooks.java:25)
	at com.test.Hooks.getDriver(Hooks.java:25)
	at com.test.Hooks.getDriver(Hooks.java:25)
	at com.test.Hooks.getDriver(Hooks.java:25)
	at com.test.Hooks.getDriver(Hooks.java:25)
	at com.test.Hooks.getDriver(Hooks.java:25)
	at com.test.Hooks.getDriver(Hooks.java:25)
	at com.test.Hooks.getDriver(Hooks.java:25)
	at com.test.Hooks.getDriver(Hooks.java:25)
	at com.test.Hooks.getDriver(Hooks.java:25)
	at com.test.Hooks.getDriver(Hooks.java:25)
	at com.test.Hooks.getDriver(Hooks.java:25)
	at com.test.Hooks.getDriver(Hooks.java:25)
	at com.test.Hooks.getDriver(Hooks.java:25)
	at com.test.Hooks.getDriver(Hooks.java:25)
	at com.test.Hooks.getDriver(Hooks.java:25)
	at com.test.Hooks.getDriver(Hooks.java:25)
	at com.test.Hooks.getDriver(Hooks.java:25)
	at com.test.Hooks.getDriver(Hooks.java:25)
	at com.test.Hooks.getDriver(Hooks.java:25)
	at com.test.Hooks.getDriver(Hooks.java:25)
	at com.test.Hooks.getDriver(Hooks.java:25)
	at com.test.Hooks.getDriver(Hooks.java:25)
	at com.test.Hooks.getDriver(Hooks.java:25)
	at com.test.Hooks.getDriver(Hooks.java:25)
	at com.test.Hooks.getDriver(Hooks.java:25)
	at com.test.Hooks.getDriver(Hooks.java:25)
	at com.test.Hooks.getDriver(Hooks.java:25)
	at com.test.Hooks.getDriver(Hooks.java:25)
	at com.test.Hooks.getDriver(Hooks.java:25)
	at com.test.Hooks.getDriver(Hooks.java:25)
	at com.test.Hooks.getDriver(Hooks.java:25)
	at com.test.Hooks.getDriver(Hooks.java:25)
	at com.test.Hooks.getDriver(Hooks.java:25)
	at com.test.Hooks.getDriver(Hooks.java:25)
	at com.test.Hooks.getDriver(Hooks.java:25)
	at com.test.Hooks.getDriver(Hooks.java:25)
	at com.test.Hooks.getDriver(Hooks.java:25)
	at com.test.Hooks.getDriver(Hooks.java:25)
	at com.test.Hooks.getDriver(Hooks.java:25)
	at com.test.Hooks.getDriver(Hooks.java:25)
	at com.test.Hooks.getDriver(Hooks.java:25)
	at com.test.Hooks.getDriver(Hooks.java:25)
	at com.test.Hooks.getDriver(Hooks.java:25)
	at com.test.Hooks.getDriver(Hooks.java:25)
	at com.test.Hooks.getDriver(Hooks.java:25)
	at com.test.Hooks.getDriver(Hooks.java:25)
	at com.test.Hooks.getDriver(Hooks.java:25)
	at com.test.Hooks.getDriver(Hooks.java:25)
	at com.test.Hooks.getDriver(Hooks.java:25)
	at com.test.Hooks.getDriver(Hooks.java:25)
	at com.test.Hooks.getDriver(Hooks.java:25)
	at com.test.Hooks.getDriver(Hooks.java:25)
	at com.test.Hooks.getDriver(Hooks.java:25)
	at com.test.Hooks.getDriver(Hooks.java:25)
	at com.test.Hooks.getDriver(Hooks.java:25)
	at com.test.Hooks.getDriver(Hooks.java:25)
	at com.test.Hooks.getDriver(Hooks.java:25)
	at com.test.Hooks.getDriver(Hooks.java:25)
	at com.test.Hooks.getDriver(Hooks.java:25)
	at com.test.Hooks.getDriver(Hooks.java:25)
	at com.test.Hooks.getDriver(Hooks.java:25)
	at com.test.Hooks.getDriver(Hooks.java:25)
	at com.test.Hooks.getDriver(Hooks.java:25)
	at com.test.Hooks.getDriver(Hooks.java:25)
	at com.test.Hooks.getDriver(Hooks.java:25)
	at com.test.Hooks.getDriver(Hooks.java:25)
	at com.test.Hooks.getDriver(Hooks.java:25)
	at com.test.Hooks.getDriver(Hooks.java:25)
	at com.test.Hooks.getDriver(Hooks.java:25)
	at com.test.Hooks.getDriver(Hooks.java:25)
	at com.test.Hooks.getDriver(Hooks.java:25)
	at com.test.Hooks.getDriver(Hooks.java:25)
	at com.test.Hooks.getDriver(Hooks.java:25)
	at com.test.Hooks.getDriver(Hooks.java:25)
	at com.test.Hooks.getDriver(Hooks.java:25)
	at com.test.Hooks.getDriver(Hooks.java:25)
	at com.test.Hooks.getDriver(Hooks.java:25)
	at com.test.Hooks.getDriver(Hooks.java:25)
	at com.test.Hooks.getDriver(Hooks.java:25)
	at com.test.Hooks.getDriver(Hooks.java:25)
	at com.test.Hooks.getDriver(Hooks.java:25)
	at com.test.Hooks.getDriver(Hooks.java:25)
	at com.test.Hooks.getDriver(Hooks.java:25)
	at com.test.Hooks.getDriver(Hooks.java:25)
	at com.test.Hooks.getDriver(Hooks.java:25)
	at com.test.Hooks.getDriver(Hooks.java:25)
	at com.test.Hooks.getDriver(Hooks.java:25)
	at com.test.Hooks.getDriver(Hooks.java:25)
	at com.test.Hooks.getDriver(Hooks.java:25)
	at com.test.Hooks.getDriver(Hooks.java:25)
	at com.test.Hooks.getDriver(Hooks.java:25)
	at com.test.Hooks.getDriver(Hooks.java:25)
	at com.test.Hooks.getDriver(Hooks.java:25)
	at com.test.Hooks.getDriver(Hooks.java:25)
	at com.test.Hooks.getDriver(Hooks.java:25)
	at com.test.Hooks.getDriver(Hooks.java:25)
	at com.test.Hooks.getDriver(Hooks.java:25)
	at com.test.Hooks.getDriver(Hooks.java:25)
	at com.test.Hooks.getDriver(Hooks.java:25)
	at com.test.Hooks.getDriver(Hooks.java:25)
	at com.test.Hooks.getDriver(Hooks.java:25)
	at com.test.Hooks.getDriver(Hooks.java:25)
	at com.test.Hooks.getDriver(Hooks.java:25)
	at com.test.Hooks.getDriver(Hooks.java:25)
	at com.test.Hooks.getDriver(Hooks.java:25)
	at com.test.Hooks.getDriver(Hooks.java:25)
	at com.test.Hooks.getDriver(Hooks.java:25)
	at com.test.Hooks.getDriver(Hooks.java:25)
	at com.test.Hooks.getDriver(Hooks.java:25)
	at com.test.Hooks.getDriver(Hooks.java:25)
	at com.test.Hooks.getDriver(Hooks.java:25)
	at com.test.Hooks.getDriver(Hooks.java:25)
	at com.test.Hooks.getDriver(Hooks.java:25)
	at com.test.Hooks.getDriver(Hooks.java:25)
	at com.test.Hooks.getDriver(Hooks.java:25)
	at com.test.Hooks.getDriver(Hooks.java:25)
	at com.test.Hooks.getDriver(Hooks.java:25)
	at com.test.Hooks.getDriver(Hooks.java:25)
	at com.test.Hooks.getDriver(Hooks.java:25)
	at com.test.Hooks.getDriver(Hooks.java:25)
	at com.test.Hooks.getDriver(Hooks.java:25)
	at com.test.Hooks.getDriver(Hooks.java:25)
	at com.test.Hooks.getDriver(Hooks.java:25)
	at com.test.Hooks.getDriver(Hooks.java:25)
	at com.test.Hooks.getDriver(Hooks.java:25)
	at com.test.Hooks.getDriver(Hooks.java:25)
	at com.test.Hooks.getDriver(Hooks.java:25)
	at com.test.Hooks.getDriver(Hooks.java:25)
	at com.test.Hooks.getDriver(Hooks.java:25)
	at com.test.Hooks.getDriver(Hooks.java:25)
	at com.test.Hooks.getDriver(Hooks.java:25)
	at com.test.Hooks.getDriver(Hooks.java:25)
	at com.test.Hooks.getDriver(Hooks.java:25)
	at com.test.Hooks.getDriver(Hooks.java:25)
	at com.test.Hooks.getDriver(Hooks.java:25)
	at com.test.Hooks.getDriver(Hooks.java:25)
	at com.test.Hooks.getDriver(Hooks.java:25)
	at com.test.Hooks.getDriver(Hooks.java:25)
	at com.test.Hooks.getDriver(Hooks.java:25)
	at com.test.Hooks.getDriver(Hooks.java:25)
	at com.test.Hooks.getDriver(Hooks.java:25)
	at com.test.Hooks.getDriver(Hooks.java:25)
	at com.test.Hooks.getDriver(Hooks.java:25)
	at com.test.Hooks.getDriver(Hooks.java:25)
	at com.test.Hooks.getDriver(Hooks.java:25)
	at com.test.Hooks.getDriver(Hooks.java:25)
	at com.test.Hooks.getDriver(Hooks.java:25)
	at com.test.Hooks.getDriver(Hooks.java:25)
	at com.test.Hooks.getDriver(Hooks.java:25)
	at com.test.Hooks.getDriver(Hooks.java:25)
	at com.test.Hooks.getDriver(Hooks.java:25)
	at com.test.Hooks.getDriver(Hooks.java:25)
	at com.test.Hooks.getDriver(Hooks.java:25)
	at com.test.Hooks.getDriver(Hooks.java:25)
	at com.test.Hooks.getDriver(Hooks.java:25)
	at com.test.Hooks.getDriver(Hooks.java:25)
	at com.test.Hooks.getDriver(Hooks.java:25)
	at com.test.Hooks.getDriver(Hooks.java:25)
	at com.test.Hooks.getDriver(Hooks.java:25)
	at com.test.Hooks.getDriver(Hooks.java:25)
	at com.test.Hooks.getDriver(Hooks.java:25)
	at com.test.Hooks.getDriver(Hooks.java:25)
	at com.test.Hooks.getDriver(Hooks.java:25)
	at com.test.Hooks.getDriver(Hooks.java:25)
	at com.test.Hooks.getDriver(Hooks.java:25)
	at com.test.Hooks.getDriver(Hooks.java:25)
	at com.test.Hooks.getDriver(Hooks.java:25)
	at com.test.Hooks.getDriver(Hooks.java:25)
	at com.test.Hooks.getDriver(Hooks.java:25)
	at com.test.Hooks.getDriver(Hooks.java:25)
	at com.test.Hooks.getDriver(Hooks.java:25)
	at com.test.Hooks.getDriver(Hooks.java:25)
	at com.test.Hooks.getDriver(Hooks.java:25)
	at com.test.Hooks.getDriver(Hooks.java:25)
	at com.test.Hooks.getDriver(Hooks.java:25)
	at com.test.Hooks.getDriver(Hooks.java:25)
	at com.test.Hooks.getDriver(Hooks.java:25)
	at com.test.Hooks.getDriver(Hooks.java:25)
	at com.test.Hooks.getDriver(Hooks.java:25)
	at com.test.Hooks.getDriver(Hooks.java:25)
	at com.test.Hooks.getDriver(Hooks.java:25)
	at com.test.Hooks.getDriver(Hooks.java:25)
	at com.test.Hooks.getDriver(Hooks.java:25)
	at com.test.Hooks.getDriver(Hooks.java:25)
	at com.test.Hooks.getDriver(Hooks.java:25)
	at com.test.Hooks.getDriver(Hooks.java:25)
	at com.test.Hooks.getDriver(Hooks.java:25)
	at com.test.Hooks.getDriver(Hooks.java:25)
	at com.test.Hooks.getDriver(Hooks.java:25)
	at com.test.Hooks.getDriver(Hooks.java:25)
	at com.test.Hooks.getDriver(Hooks.java:25)
	at com.test.Hooks.getDriver(Hooks.java:25)
	at com.test.Hooks.getDriver(Hooks.java:25)
	at com.test.Hooks.getDriver(Hooks.java:25)
	at com.test.Hooks.getDriver(Hooks.java:25)
	at com.test.Hooks.getDriver(Hooks.java:25)
	at com.test.Hooks.getDriver(Hooks.java:25)
	at com.test.Hooks.getDriver(Hooks.java:25)
	at com.test.Hooks.getDriver(Hooks.java:25)
	at com.test.Hooks.getDriver(Hooks.java:25)
	at com.test.Hooks.getDriver(Hooks.java:25)
	at com.test.Hooks.getDriver(Hooks.java:25)
	at com.test.Hooks.getDriver(Hooks.java:25)
	at com.test.Hooks.getDriver(Hooks.java:25)
	at com.test.Hooks.getDriver(Hooks.java:25)
	at com.test.Hooks.getDriver(Hooks.java:25)
	at com.test.Hooks.getDriver(Hooks.java:25)
	at com.test.Hooks.getDriver(Hooks.java:25)
	at com.test.Hooks.getDriver(Hooks.java:25)
	at com.test.Hooks.getDriver(Hooks.java:25)
	at com.test.Hooks.getDriver(Hooks.java:25)
	at com.test.Hooks.getDriver(Hooks.java:25)
	at com.test.Hooks.getDriver(Hooks.java:25)
	at com.test.Hooks.getDriver(Hooks.java:25)
	at com.test.Hooks.getDriver(Hooks.java:25)
	at com.test.Hooks.getDriver(Hooks.java:25)
	at com.test.Hooks.getDriver(Hooks.java:25)
	at com.test.Hooks.getDriver(Hooks.java:25)
	at com.test.Hooks.getDriver(Hooks.java:25)
	at com.test.Hooks.getDriver(Hooks.java:25)
	at com.test.Hooks.getDriver(Hooks.java:25)
	at com.test.Hooks.getDriver(Hooks.java:25)
	at com.test.Hooks.getDriver(Hooks.java:25)
	at com.test.Hooks.getDriver(Hooks.java:25)
	at com.test.Hooks.getDriver(Hooks.java:25)
	at com.test.Hooks.getDriver(Hooks.java:25)
	at com.test.Hooks.getDriver(Hooks.java:25)
	at com.test.Hooks.getDriver(Hooks.java:25)
	at com.test.Hooks.getDriver(Hooks.java:25)
	at com.test.Hooks.getDriver(Hooks.java:25)
	at com.test.Hooks.getDriver(Hooks.java:25)
	at com.test.Hooks.getDriver(Hooks.java:25)
	at com.test.Hooks.getDriver(Hooks.java:25)
	at com.test.Hooks.getDriver(Hooks.java:25)
	at com.test.Hooks.getDriver(Hooks.java:25)
	at com.test.Hooks.getDriver(Hooks.java:25)
	at com.test.Hooks.getDriver(Hooks.java:25)
	at com.test.Hooks.getDriver(Hooks.java:25)
	at com.test.Hooks.getDriver(Hooks.java:25)
	at com.test.Hooks.getDriver(Hooks.java:25)
	at com.test.Hooks.getDriver(Hooks.java:25)
	at com.test.Hooks.getDriver(Hooks.java:25)
	at com.test.Hooks.getDriver(Hooks.java:25)
	at com.test.Hooks.getDriver(Hooks.java:25)
	at com.test.Hooks.getDriver(Hooks.java:25)
	at com.test.Hooks.getDriver(Hooks.java:25)
	at com.test.Hooks.getDriver(Hooks.java:25)
	at com.test.Hooks.getDriver(Hooks.java:25)
	at com.test.Hooks.getDriver(Hooks.java:25)
	at com.test.Hooks.getDriver(Hooks.java:25)
	at com.test.Hooks.getDriver(Hooks.java:25)
	at com.test.Hooks.getDriver(Hooks.java:25)
	at com.test.Hooks.getDriver(Hooks.java:25)
	at com.test.Hooks.getDriver(Hooks.java:25)
	at com.test.Hooks.getDriver(Hooks.java:25)
	at com.test.Hooks.getDriver(Hooks.java:25)
	at com.test.Hooks.getDriver(Hooks.java:25)
	at com.test.Hooks.getDriver(Hooks.java:25)
	at com.test.Hooks.getDriver(Hooks.java:25)
	at com.test.Hooks.getDriver(Hooks.java:25)
	at com.test.Hooks.getDriver(Hooks.java:25)
	at com.test.Hooks.getDriver(Hooks.java:25)
	at com.test.Hooks.getDriver(Hooks.java:25)
	at com.test.Hooks.getDriver(Hooks.java:25)
	at com.test.Hooks.getDriver(Hooks.java:25)
	at com.test.Hooks.getDriver(Hooks.java:25)
	at com.test.Hooks.getDriver(Hooks.java:25)
	at com.test.Hooks.getDriver(Hooks.java:25)
	at com.test.Hooks.getDriver(Hooks.java:25)
	at com.test.Hooks.getDriver(Hooks.java:25)
	at com.test.Hooks.getDriver(Hooks.java:25)
	at com.test.Hooks.getDriver(Hooks.java:25)
	at com.test.Hooks.getDriver(Hooks.java:25)
	at com.test.Hooks.getDriver(Hooks.java:25)
	at com.test.Hooks.getDriver(Hooks.java:25)
	at com.test.Hooks.getDriver(Hooks.java:25)
	at com.test.Hooks.getDriver(Hooks.java:25)
	at com.test.Hooks.getDriver(Hooks.java:25)
	at com.test.Hooks.getDriver(Hooks.java:25)
	at com.test.Hooks.getDriver(Hooks.java:25)
	at com.test.Hooks.getDriver(Hooks.java:25)
	at com.test.Hooks.getDriver(Hooks.java:25)
	at com.test.Hooks.getDriver(Hooks.java:25)
	at com.test.Hooks.getDriver(Hooks.java:25)
	at com.test.Hooks.getDriver(Hooks.java:25)
	at com.test.Hooks.getDriver(Hooks.java:25)
	at com.test.Hooks.getDriver(Hooks.java:25)
	at com.test.Hooks.getDriver(Hooks.java:25)
	at com.test.Hooks.getDriver(Hooks.java:25)
	at com.test.Hooks.getDriver(Hooks.java:25)
	at com.test.Hooks.getDriver(Hooks.java:25)
	at com.test.Hooks.getDriver(Hooks.java:25)
	at com.test.Hooks.getDriver(Hooks.java:25)
	at com.test.Hooks.getDriver(Hooks.java:25)
	at com.test.Hooks.getDriver(Hooks.java:25)
	at com.test.Hooks.getDriver(Hooks.java:25)
	at com.test.Hooks.getDriver(Hooks.java:25)
	at com.test.Hooks.getDriver(Hooks.java:25)
	at com.test.Hooks.getDriver(Hooks.java:25)
	at com.test.Hooks.getDriver(Hooks.java:25)
	at com.test.Hooks.getDriver(Hooks.java:25)
	at com.test.Hooks.getDriver(Hooks.java:25)
	at com.test.Hooks.getDriver(Hooks.java:25)
	at com.test.Hooks.getDriver(Hooks.java:25)
	at com.test.Hooks.getDriver(Hooks.java:25)
	at com.test.Hooks.getDriver(Hooks.java:25)
	at com.test.Hooks.getDriver(Hooks.java:25)
	at com.test.Hooks.getDriver(Hooks.java:25)
	at com.test.Hooks.getDriver(Hooks.java:25)
	at com.test.Hooks.getDriver(Hooks.java:25)
	at com.test.Hooks.getDriver(Hooks.java:25)
	at com.test.Hooks.getDriver(Hooks.java:25)
	at com.test.Hooks.getDriver(Hooks.java:25)
	at com.test.Hooks.getDriver(Hooks.java:25)
	at com.test.Hooks.getDriver(Hooks.java:25)
	at com.test.Hooks.getDriver(Hooks.java:25)
	at com.test.Hooks.getDriver(Hooks.java:25)
	at com.test.Hooks.getDriver(Hooks.java:25)
	at com.test.Hooks.getDriver(Hooks.java:25)
	at com.test.Hooks.getDriver(Hooks.java:25)
	at com.test.Hooks.getDriver(Hooks.java:25)
	at com.test.Hooks.getDriver(Hooks.java:25)
	at com.test.Hooks.getDriver(Hooks.java:25)
	at com.test.Hooks.getDriver(Hooks.java:25)
	at com.test.Hooks.getDriver(Hooks.java:25)
	at com.test.Hooks.getDriver(Hooks.java:25)
	at com.test.Hooks.getDriver(Hooks.java:25)
	at com.test.Hooks.getDriver(Hooks.java:25)
	at com.test.Hooks.getDriver(Hooks.java:25)
	at com.test.Hooks.getDriver(Hooks.java:25)
	at com.test.Hooks.getDriver(Hooks.java:25)
	at com.test.Hooks.getDriver(Hooks.java:25)
	at com.test.Hooks.getDriver(Hooks.java:25)
	at com.test.Hooks.getDriver(Hooks.java:25)
	at com.test.Hooks.getDriver(Hooks.java:25)
	at com.test.Hooks.getDriver(Hooks.java:25)
	at com.test.Hooks.getDriver(Hooks.java:25)
	at com.test.Hooks.getDriver(Hooks.java:25)
	at com.test.Hooks.getDriver(Hooks.java:25)
	at com.test.Hooks.getDriver(Hooks.java:25)
	at com.test.Hooks.getDriver(Hooks.java:25)
	at com.test.Hooks.getDriver(Hooks.java:25)
	at com.test.Hooks.getDriver(Hooks.java:25)
	at com.test.Hooks.getDriver(Hooks.java:25)
	at com.test.Hooks.getDriver(Hooks.java:25)
	at com.test.Hooks.getDriver(Hooks.java:25)
	at com.test.Hooks.getDriver(Hooks.java:25)
	at com.test.Hooks.getDriver(Hooks.java:25)
	at com.test.Hooks.getDriver(Hooks.java:25)
	at com.test.Hooks.getDriver(Hooks.java:25)
	at com.test.Hooks.getDriver(Hooks.java:25)
	at com.test.Hooks.getDriver(Hooks.java:25)
	at com.test.Hooks.getDriver(Hooks.java:25)
	at com.test.Hooks.getDriver(Hooks.java:25)
	at com.test.Hooks.getDriver(Hooks.java:25)
	at com.test.Hooks.getDriver(Hooks.java:25)
	at com.test.Hooks.getDriver(Hooks.java:25)
	at com.test.Hooks.getDriver(Hooks.java:25)
	at com.test.Hooks.getDriver(Hooks.java:25)
	at com.test.Hooks.getDriver(Hooks.java:25)
	at com.test.Hooks.getDriver(Hooks.java:25)
	at com.test.Hooks.getDriver(Hooks.java:25)
	at com.test.Hooks.getDriver(Hooks.java:25)
	at com.test.Hooks.getDriver(Hooks.java:25)
	at com.test.Hooks.getDriver(Hooks.java:25)
	at com.test.Hooks.getDriver(Hooks.java:25)
	at com.test.Hooks.getDriver(Hooks.java:25)
	at com.test.Hooks.getDriver(Hooks.java:25)
	at com.test.Hooks.getDriver(Hooks.java:25)
	at com.test.Hooks.getDriver(Hooks.java:25)
	at com.test.Hooks.getDriver(Hooks.java:25)
	at com.test.Hooks.getDriver(Hooks.java:25)
	at com.test.Hooks.getDriver(Hooks.java:25)
	at com.test.Hooks.getDriver(Hooks.java:25)
	at com.test.Hooks.getDriver(Hooks.java:25)
	at com.test.Hooks.getDriver(Hooks.java:25)
	at com.test.Hooks.getDriver(Hooks.java:25)
	at com.test.Hooks.getDriver(Hooks.java:25)
	at com.test.Hooks.getDriver(Hooks.java:25)
	at com.test.Hooks.getDriver(Hooks.java:25)
	at com.test.Hooks.getDriver(Hooks.java:25)
	at com.test.Hooks.getDriver(Hooks.java:25)
	at com.test.Hooks.getDriver(Hooks.java:25)
	at com.test.Hooks.getDriver(Hooks.java:25)
	at com.test.Hooks.getDriver(Hooks.java:25)
	at com.test.Hooks.getDriver(Hooks.java:25)
	at com.test.Hooks.getDriver(Hooks.java:25)
	at com.test.Hooks.getDriver(Hooks.java:25)
	at com.test.Hooks.getDriver(Hooks.java:25)
	at com.test.Hooks.getDriver(Hooks.java:25)
	at com.test.Hooks.getDriver(Hooks.java:25)
	at com.test.Hooks.getDriver(Hooks.java:25)
	at com.test.Hooks.getDriver(Hooks.java:25)
	at com.test.Hooks.getDriver(Hooks.java:25)
	at com.test.Hooks.getDriver(Hooks.java:25)
	at com.test.Hooks.getDriver(Hooks.java:25)
	at com.test.Hooks.getDriver(Hooks.java:25)
	at com.test.Hooks.getDriver(Hooks.java:25)
	at com.test.Hooks.getDriver(Hooks.java:25)
	at com.test.Hooks.getDriver(Hooks.java:25)
	at com.test.Hooks.getDriver(Hooks.java:25)
	at com.test.Hooks.getDriver(Hooks.java:25)
	at com.test.Hooks.getDriver(Hooks.java:25)
	at com.test.Hooks.getDriver(Hooks.java:25)
	at com.test.Hooks.getDriver(Hooks.java:25)
	at com.test.Hooks.getDriver(Hooks.java:25)
	at com.test.Hooks.getDriver(Hooks.java:25)
	at com.test.Hooks.getDriver(Hooks.java:25)
	at com.test.Hooks.getDriver(Hooks.java:25)
	at com.test.Hooks.getDriver(Hooks.java:25)
	at com.test.Hooks.getDriver(Hooks.java:25)
	at com.test.Hooks.getDriver(Hooks.java:25)
	at com.test.Hooks.getDriver(Hooks.java:25)
	at com.test.Hooks.getDriver(Hooks.java:25)
	at com.test.Hooks.getDriver(Hooks.java:25)
	at com.test.Hooks.getDriver(Hooks.java:25)
	at com.test.Hooks.getDriver(Hooks.java:25)
	at com.test.Hooks.getDriver(Hooks.java:25)
	at com.test.Hooks.getDriver(Hooks.java:25)
	at com.test.Hooks.getDriver(Hooks.java:25)
	at com.test.Hooks.getDriver(Hooks.java:25)
	at com.test.Hooks.getDriver(Hooks.java:25)
	at com.test.Hooks.getDriver(Hooks.java:25)
	at com.test.Hooks.getDriver(Hooks.java:25)
	at com.test.Hooks.getDriver(Hooks.java:25)
	at com.test.Hooks.getDriver(Hooks.java:25)
	at com.test.Hooks.getDriver(Hooks.java:25)
	at com.test.Hooks.getDriver(Hooks.java:25)
	at com.test.Hooks.getDriver(Hooks.java:25)
	at com.test.Hooks.getDriver(Hooks.java:25)
	at com.test.Hooks.getDriver(Hooks.java:25)
	at com.test.Hooks.getDriver(Hooks.java:25)
	at com.test.Hooks.getDriver(Hooks.java:25)
	at com.test.Hooks.getDriver(Hooks.java:25)
	at com.test.Hooks.getDriver(Hooks.java:25)
	at com.test.Hooks.getDriver(Hooks.java:25)
	at com.test.Hooks.getDriver(Hooks.java:25)
	at com.test.Hooks.getDriver(Hooks.java:25)
	at com.test.Hooks.getDriver(Hooks.java:25)
	at com.test.Hooks.getDriver(Hooks.java:25)
	at com.test.Hooks.getDriver(Hooks.java:25)
	at com.test.Hooks.getDriver(Hooks.java:25)
	at com.test.Hooks.getDriver(Hooks.java:25)
	at com.test.Hooks.getDriver(Hooks.java:25)
	at com.test.Hooks.getDriver(Hooks.java:25)
	at com.test.Hooks.getDriver(Hooks.java:25)
	at com.test.Hooks.getDriver(Hooks.java:25)
	at com.test.Hooks.getDriver(Hooks.java:25)
	at com.test.Hooks.getDriver(Hooks.java:25)
	at com.test.Hooks.getDriver(Hooks.java:25)
	at com.test.Hooks.getDriver(Hooks.java:25)
	at com.test.Hooks.getDriver(Hooks.java:25)
	at com.test.Hooks.getDriver(Hooks.java:25)
	at com.test.Hooks.getDriver(Hooks.java:25)
	at com.test.Hooks.getDriver(Hooks.java:25)
	at com.test.Hooks.getDriver(Hooks.java:25)
	at com.test.Hooks.getDriver(Hooks.java:25)
	at com.test.Hooks.getDriver(Hooks.java:25)
	at com.test.Hooks.getDriver(Hooks.java:25)
	at com.test.Hooks.getDriver(Hooks.java:25)
	at com.test.Hooks.getDriver(Hooks.java:25)
	at com.test.Hooks.getDriver(Hooks.java:25)
	at com.test.Hooks.getDriver(Hooks.java:25)
	at com.test.Hooks.getDriver(Hooks.java:25)
	at com.test.Hooks.getDriver(Hooks.java:25)
	at com.test.Hooks.getDriver(Hooks.java:25)
	at com.test.Hooks.getDriver(Hooks.java:25)
	at com.test.Hooks.getDriver(Hooks.java:25)
	at com.test.Hooks.getDriver(Hooks.java:25)
	at com.test.Hooks.getDriver(Hooks.java:25)
	at com.test.Hooks.getDriver(Hooks.java:25)
	at com.test.Hooks.getDriver(Hooks.java:25)
	at com.test.Hooks.getDriver(Hooks.java:25)
	at com.test.Hooks.getDriver(Hooks.java:25)
	at com.test.Hooks.getDriver(Hooks.java:25)
	at com.test.Hooks.getDriver(Hooks.java:25)
	at com.test.Hooks.getDriver(Hooks.java:25)
	at com.test.Hooks.getDriver(Hooks.java:25)
	at com.test.Hooks.getDriver(Hooks.java:25)
	at com.test.Hooks.getDriver(Hooks.java:25)
	at com.test.Hooks.getDriver(Hooks.java:25)
	at com.test.Hooks.getDriver(Hooks.java:25)
	at com.test.Hooks.getDriver(Hooks.java:25)
	at com.test.Hooks.getDriver(Hooks.java:25)
	at com.test.Hooks.getDriver(Hooks.java:25)
	at com.test.Hooks.getDriver(Hooks.java:25)
	at com.test.Hooks.getDriver(Hooks.java:25)
	at com.test.Hooks.getDriver(Hooks.java:25)
	at com.test.Hooks.getDriver(Hooks.java:25)
	at com.test.Hooks.getDriver(Hooks.java:25)
	at com.test.Hooks.getDriver(Hooks.java:25)
	at com.test.Hooks.getDriver(Hooks.java:25)
	at com.test.Hooks.getDriver(Hooks.java:25)
	at com.test.Hooks.getDriver(Hooks.java:25)
	at com.test.Hooks.getDriver(Hooks.java:25)
	at com.test.Hooks.getDriver(Hooks.java:25)
	at com.test.Hooks.getDriver(Hooks.java:25)
	at com.test.Hooks.getDriver(Hooks.java:25)
	at com.test.Hooks.getDriver(Hooks.java:25)
	at com.test.Hooks.getDriver(Hooks.java:25)
	at com.test.Hooks.getDriver(Hooks.java:25)
	at com.test.Hooks.getDriver(Hooks.java:25)
	at com.test.Hooks.getDriver(Hooks.java:25)
	at com.test.Hooks.getDriver(Hooks.java:25)
	at com.test.Hooks.getDriver(Hooks.java:25)
	at com.test.Hooks.getDriver(Hooks.java:25)
	at com.test.Hooks.getDriver(Hooks.java:25)
	at com.test.Hooks.getDriver(Hooks.java:25)
	at com.test.Hooks.getDriver(Hooks.java:25)
	at com.test.Hooks.getDriver(Hooks.java:25)
	at com.test.Hooks.getDriver(Hooks.java:25)
	at com.test.Hooks.getDriver(Hooks.java:25)
	at com.test.Hooks.getDriver(Hooks.java:25)
	at com.test.Hooks.getDriver(Hooks.java:25)
	at com.test.Hooks.getDriver(Hooks.java:25)
	at com.test.Hooks.getDriver(Hooks.java:25)
	at com.test.Hooks.getDriver(Hooks.java:25)
	at com.test.Hooks.getDriver(Hooks.java:25)
	at com.test.Hooks.getDriver(Hooks.java:25)
	at com.test.Hooks.getDriver(Hooks.java:25)
	at com.test.Hooks.getDriver(Hooks.java:25)
	at com.test.Hooks.getDriver(Hooks.java:25)
	at com.test.Hooks.getDriver(Hooks.java:25)
	at com.test.Hooks.getDriver(Hooks.java:25)
	at com.test.Hooks.getDriver(Hooks.java:25)
	at com.test.Hooks.getDriver(Hooks.java:25)

