<?xml version="1.0" encoding="UTF-8"?>
<testsuite xmlns:xsi="http://www.w3.org/2001/XMLSchema-instance" xsi:noNamespaceSchemaLocation="https://maven.apache.org/surefire/maven-surefire-plugin/xsd/surefire-test-report-3.0.xsd" version="3.0" name="com.test.RunTest" time="0.378" tests="5" errors="1" skipped="4" failures="0">
  <properties>
[...]
</properties>
  <testcase name="" classname="Cenário: Abri hinario com sucesso" time="0.016">
    <error type="java.lang.StackOverflowError"><![CDATA[java.lang.StackOverflowError
	at com.test.Hooks.getDriver(Hooks.java:25)
	at com.test.Hooks.getDriver(Hooks.java:25)
	at com.test.Hooks.getDriver(Hooks.java:25)
	at com.test.Hooks.getDriver(Hooks.java:25)
	at com.test.Hooks.getDriver(Hooks.java:25)
	at com.test.Hooks.getDriver(Hooks.java:25)
	at com.test.Hooks.getDriver(Hooks.java:25)
	at com.test.Hooks.getDriver(Hooks.java:25)
	at com.test.Hooks.getDriver(Hooks.java:25)
	at com.test.Hooks.getDriver(Hooks.java:25)
	at com.test.Hooks.getDriver(Hooks.java:25)
	at com.test.Hooks.getDriver(Hooks.java:25)
	at com.test.Hooks.getDriver(Hooks.java:25)
	at com.test.Hooks.getDriver(Hooks.java:25)
	at com.test.Hooks.getDriver(Hooks.java:25)
	at com.test.Hooks.getDriver(Hooks.java:25)
	at com.test.Hooks.getDriver(Hooks.java:25)
	at com.test.Hooks.getDriver(Hooks.java:25)
	at com.test.Hooks.getDriver(Hooks.java:25)
	at com.test.Hooks.getDriver(Hooks.java:25)
	at com.test.Hooks.getDriver(Hooks.java:25)
	at com.test.Hooks.getDriver(Hooks.java:25)
	at com.test.Hooks.getDriver(Hooks.java:25)
	at com.test.Hooks.getDriver(Hooks.java:25)
	at com.test.Hooks.getDriver(Hooks.java:25)
	at com.test.Hooks.getDriver(Hooks.java:25)
	at com.test.Hooks.getDriver(Hooks.java:25)
	at com.test.Hooks.getDriver(Hooks.java:25)
	at com.test.Hooks.getDriver(Hooks.java:25)
	at com.test.Hooks.getDriver(Hooks.java:25)
	at com.test.Hooks.getDriver(Hooks.java:25)
	at com.test.Hooks.getDriver(Hooks.java:25)
	at com.test.Hooks.getDriver(Hooks.java:25)
	at com.test.Hooks.getDriver(Hooks.java:25)
	at com.test.Hooks.getDriver(Hooks.java:25)
	at com.test.Hooks.getDriver(Hooks.java:25)
	at com.test.Hooks.getDriver(Hooks.java:25)
	at com.test.Hooks.getDriver(Hooks.java:25)
	at com.test.Hooks.getDriver(Hooks.java:25)
	at com.test.Hooks.getDriver(Hooks.java:25)
	at com.test.Hooks.getDriver(Hooks.java:25)
	at com.test.Hooks.getDriver(Hooks.java:25)
	at com.test.Hooks.getDriver(Hooks.java:25)
	at com.test.Hooks.getDriver(Hooks.java:25)
	at com.test.Hooks.getDriver(Hooks.java:25)
	at com.test.Hooks.getDriver(Hooks.java:25)
	at com.test.Hooks.getDriver(Hooks.java:25)
	at com.test.Hooks.getDriver(Hooks.java:25)
	at com.test.Hooks.getDriver(Hooks.java:25)
	at com.test.Hooks.getDriver(Hooks.java:25)
	at com.test.Hooks.getDriver(Hooks.java:25)
	at com.test.Hooks.getDriver(Hooks.java:25)
	at com.test.Hooks.getDriver(Hooks.java:25)
	at com.test.Hooks.getDriver(Hooks.java:25)
	at com.test.Hooks.getDriver(Hooks.java:25)
	at com.test.Hooks.getDriver(Hooks.java:25)
	at com.test.Hooks.getDriver(Hooks.java:25)
	at com.test.Hooks.getDriver(Hooks.java:25)
	at com.test.Hooks.getDriver(Hooks.java:25)
	at com.test.Hooks.getDriver(Hooks.java:25)
	at com.test.Hooks.getDriver(Hooks.java:25)
	at com.test.Hooks.getDriver(Hooks.java:25)
	at com.test.Hooks.getDriver(Hooks.java:25)
	at com.test.Hooks.getDriver(Hooks.java:25)
	at com.test.Hooks.getDriver(Hooks.java:25)
	at com.test.Hooks.getDriver(Hooks.java:25)
	at com.test.Hooks.getDriver(Hooks.java:25)
	at com.test.Hooks.getDriver(Hooks.java:25)
	at com.test.Hooks.getDriver(Hooks.java:25)
	at com.test.Hooks.getDriver(Hooks.java:25)
	at com.test.Hooks.getDriver(Hooks.java:25)
	at com.test.Hooks.getDriver(Hooks.java:25)
	at com.test.Hooks.getDriver(Hooks.java:25)
	at com.test.Hooks.getDriver(Hooks.java:25)
	at com.test.Hooks.getDriver(Hooks.java:25)
	at com.test.Hooks.getDriver(Hooks.java:25)
	at com.test.Hooks.getDriver(Hooks.java:25)
	at com.test.Hooks.getDriver(Hooks.java:25)
	at com.test.Hooks.getDriver(Hooks.java:25)
	at com.test.Hooks.getDriver(Hooks.java:25)
	at com.test.Hooks.getDriver(Hooks.java:25)
	at com.test.Hooks.getDriver(Hooks.java:25)
	at com.test.Hooks.getDriver(Hooks.java:25)
	at com.test.Hooks.getDriver(Hooks.java:25)
	at com.test.Hooks.getDriver(Hooks.java:25)
	at com.test.Hooks.getDriver(Hooks.java:25)
	at com.test.Hooks.getDriver(Hooks.java:25)
	at com.test.Hooks.getDriver(Hooks.java:25)
	at com.test.Hooks.getDriver(Hooks.java:25)
	at com.test.Hooks.getDriver(Hooks.java:25)
	at com.test.Hooks.getDriver(Hooks.java:25)
	at com.test.Hooks.getDriver(Hooks.java:25)
	at com.test.Hooks.getDriver(Hooks.java:25)
	at com.test.Hooks.getDriver(Hooks.java:25)
	at com.test.Hooks.getDriver(Hooks.java:25)
	at com.test.Hooks.getDriver(Hooks.java:25)
	at com.test.Hooks.getDriver(Hooks.java:25)
	at com.test.Hooks.getDriver(Hooks.java:25)
	at com.test.Hooks.getDriver(Hooks.java:25)
	at com.test.Hooks.getDriver(Hooks.java:25)
	at com.test.Hooks.getDriver(Hooks.java:25)
	at com.test.Hooks.getDriver(Hooks.java:25)
	at com.test.Hooks.getDriver(Hooks.java:25)
	at com.test.Hooks.getDriver(Hooks.java:25)
	at com.test.Hooks.getDriver(Hooks.java:25)
	at com.test.Hooks.getDriver(Hooks.java:25)
	at com.test.Hooks.getDriver(Hooks.java:25)
	at com.test.Hooks.getDriver(Hooks.java:25)
	at com.test.Hooks.getDriver(Hooks.java:25)
	at com.test.Hooks.getDriver(Hooks.java:25)
	at com.test.Hooks.getDriver(Hooks.java:25)
	at com.test.Hooks.getDriver(Hooks.java:25)
	at com.test.Hooks.getDriver(Hooks.java:25)
	at com.test.Hooks.getDriver(Hooks.java:25)
	at com.test.Hooks.getDriver(Hooks.java:25)
	at com.test.Hooks.getDriver(Hooks.java:25)
	at com.test.Hooks.getDriver(Hooks.java:25)
	at com.test.Hooks.getDriver(Hooks.java:25)
	at com.test.Hooks.getDriver(Hooks.java:25)
	at com.test.Hooks.getDriver(Hooks.java:25)
	at com.test.Hooks.getDriver(Hooks.java:25)
	at com.test.Hooks.getDriver(Hooks.java:25)
	at com.test.Hooks.getDriver(Hooks.java:25)
	at com.test.Hooks.getDriver(Hooks.java:25)
	at com.test.Hooks.getDriver(Hooks.java:25)
	at com.test.Hooks.getDriver(Hooks.java:25)
	at com.test.Hooks.getDriver(Hooks.java:25)
	at com.test.Hooks.getDriver(Hooks.java:25)
	at com.test.Hooks.getDriver(Hooks.java:25)
	at com.test.Hooks.getDriver(Hooks.java:25)
	at com.test.Hooks.getDriver(Hooks.java:25)
	at com.test.Hooks.getDriver(Hooks.java:25)
	at com.test.Hooks.getDriver(Hooks.java:25)
	at com.test.Hooks.getDriver(Hooks.java:25)
	at com.test.Hooks.getDriver(Hooks.java:25)
	at com.test.Hooks.getDriver(Hooks.java:25)
	at com.test.Hooks.getDriver(Hooks.java:25)
	at com.test.Hooks.getDriver(Hooks.java:25)
	at com.test.Hooks.getDriver(Hooks.java:25)
	at com.test.Hooks.getDriver(Hooks.java:25)
	at com.test.Hooks.getDriver(Hooks.java:25)
	at com.test.Hooks.getDriver(Hooks.java:25)
	at com.test.Hooks.getDriver(Hooks.java:25)
	at com.test.Hooks.getDriver(Hooks.java:25)
	at com.test.Hooks.getDriver(Hooks.java:25)
	at com.test.Hooks.getDriver(Hooks.java:25)
	at com.test.Hooks.getDriver(Hooks.java:25)
	at com.test.Hooks.getDriver(Hooks.java:25)
	at com.test.Hooks.getDriver(Hooks.java:25)
	at com.test.Hooks.getDriver(Hooks.java:25)
	at com.test.Hooks.getDriver(Hooks.java:25)
	at com.test.Hooks.getDriver(Hooks.java:25)
	at com.test.Hooks.getDriver(Hooks.java:25)
	at com.test.Hooks.getDriver(Hooks.java:25)
	at com.test.Hooks.getDriver(Hooks.java:25)
	at com.test.Hooks.getDriver(Hooks.java:25)
	at com.test.Hooks.getDriver(Hooks.java:25)
	at com.test.Hooks.getDriver(Hooks.java:25)
	at com.test.Hooks.getDriver(Hooks.java:25)
	at com.test.Hooks.getDriver(Hooks.java:25)
	at com.test.Hooks.getDriver(Hooks.java:25)
	at com.test.Hooks.getDriver(Hooks.java:25)
	at com.test.Hooks.getDriver(Hooks.java:25)
	at com.test.Hooks.getDriver(Hooks.java:25)
	at com.test.Hooks.getDriver(Hooks.java:25)
	at com.test.Hooks.getDriver(Hooks.java:25)
	at com.test.Hooks.getDriver(Hooks.java:25)
	at com.test.Hooks.getDriver(Hooks.java:25)
	at com.test.Hooks.getDriver(Hooks.java:25)
	at com.test.Hooks.getDriver(Hooks.java:25)
	at com.test.Hooks.getDriver(Hooks.java:25)
	at com.test.Hooks.getDriver(Hooks.java:25)
	at com.test.Hooks.getDriver(Hooks.java:25)
	at com.test.Hooks.getDriver(Hooks.java:25)
	at com.test.Hooks.getDriver(Hooks.java:25)
	at com.test.Hooks.getDriver(Hooks.java:25)
	at com.test.Hooks.getDriver(Hooks.java:25)
	at com.test.Hooks.getDriver(Hooks.java:25)
	at com.test.Hooks.getDriver(Hooks.java:25)
	at com.test.Hooks.getDriver(Hooks.java:25)
	at com.test.Hooks.getDriver(Hooks.java:25)
	at com.test.Hooks.getDriver(Hooks.java:25)
	at com.test.Hooks.getDriver(Hooks.java:25)
	at com.test.Hooks.getDriver(Hooks.java:25)
	at com.test.Hooks.getDriver(Hooks.java:25)
	at com.test.Hooks.getDriver(Hooks.java:25)
	at com.test.Hooks.getDriver(Hooks.java:25)
	at com.test.Hooks.getDriver(Hooks.java:25)
	at com.test.Hooks.getDriver(Hooks.java:25)
	at com.test.Hooks.getDriver(Hooks.java:25)
	at com.test.Hooks.getDriver(Hooks.java:25)
	at com.test.Hooks.getDriver(Hooks.java:25)
	at com.test.Hooks.getDriver(Hooks.java:25)
	at com.test.Hooks.getDriver(Hooks.java:25)
	at com.test.Hooks.getDriver(Hooks.java:25)
	at com.test.Hooks.getDriver(Hooks.java:25)
	at com.test.Hooks.getDriver(Hooks.java:25)
	at com.test.Hooks.getDriver(Hooks.java:25)
	at com.test.Hooks.getDriver(Hooks.java:25)
	at com.test.Hooks.getDriver(Hooks.java:25)
	at com.test.Hooks.getDriver(Hooks.java:25)
	at com.test.Hooks.getDriver(Hooks.java:25)
	at com.test.Hooks.getDriver(Hooks.java:25)
	at com.test.Hooks.getDriver(Hooks.java:25)
	at com.test.Hooks.getDriver(Hooks.java:25)
	at com.test.Hooks.getDriver(Hooks.java:25)
	at com.test.Hooks.getDriver(Hooks.java:25)
	at com.test.Hooks.getDriver(Hooks.java:25)
	at com.test.Hooks.getDriver(Hooks.java:25)
	at com.test.Hooks.getDriver(Hooks.java:25)
	at com.test.Hooks.getDriver(Hooks.java:25)
	at com.test.Hooks.getDriver(Hooks.java:25)
	at com.test.Hooks.getDriver(Hooks.java:25)
	at com.test.Hooks.getDriver(Hooks.java:25)
	at com.test.Hooks.getDriver(Hooks.java:25)
	at com.test.Hooks.getDriver(Hooks.java:25)
	at com.test.Hooks.getDriver(Hooks.java:25)
	at com.test.Hooks.getDriver(Hooks.java:25)
	at com.test.Hooks.getDriver(Hooks.java:25)
	at com.test.Hooks.getDriver(Hooks.java:25)
	at com.test.Hooks.getDriver(Hooks.java:25)
	at com.test.Hooks.getDriver(Hooks.java:25)
	at com.test.Hooks.getDriver(Hooks.java:25)
	at com.test.Hooks.getDriver(Hooks.java:25)
	at com.test.Hooks.getDriver(Hooks.java:25)
	at com.test.Hooks.getDriver(Hooks.java:25)
	at com.test.Hooks.getDriver(Hooks.java:25)
	at com.test.Hooks.getDriver(Hooks.java:25)
	at com.test.Hooks.getDriver(Hooks.java:25)
	at com.test.Hooks.getDriver(Hooks.java:25)
	at com.test.Hooks.getDriver(Hooks.java:25)
	at com.test.Hooks.getDriver(Hooks.java:25)
	at com.test.Hooks.getDriver(Hooks.java:25)
	at com.test.Hooks.getDriver(Hooks.java:25)
	at com.test.Hooks.getDriver(Hooks.java:25)
	at com.test.Hooks.getDriver(Hooks.java:25)
	at com.test.Hooks.getDriver(Hooks.java:25)
	at com.test.Hooks.getDriver(Hooks.java:25)
	at com.test.Hooks.getDriver(Hooks.java:25)
	at com.test.Hooks.getDriver(Hooks.java:25)
	at com.test.Hooks.getDriver(Hooks.java:25)
	at com.test.Hooks.getDriver(Hooks.java:25)
	at com.test.Hooks.getDriver(Hooks.java:25)
	at com.test.Hooks.getDriver(Hooks.java:25)
	at com.test.Hooks.getDriver(Hooks.java:25)
	at com.test.Hooks.getDriver(Hooks.java:25)
	at com.test.Hooks.getDriver(Hooks.java:25)
	at com.test.Hooks.getDriver(Hooks.java:25)
	at com.test.Hooks.getDriver(Hooks.java:25)
	at com.test.Hooks.getDriver(Hooks.java:25)
	at com.test.Hooks.getDriver(Hooks.java:25)
	at com.test.Hooks.getDriver(Hooks.java:25)
	at com.test.Hooks.getDriver(Hooks.java:25)
	at com.test.Hooks.getDriver(Hooks.java:25)
	at com.test.Hooks.getDriver(Hooks.java:25)
	at com.test.Hooks.getDriver(Hooks.java:25)
	at com.test.Hooks.getDriver(Hooks.java:25)
	at com.test.Hooks.getDriver(Hooks.java:25)
	at com.test.Hooks.getDriver(Hooks.java:25)
	at com.test.Hooks.getDriver(Hooks.java:25)
	at com.test.Hooks.getDriver(Hooks.java:25)
	at com.test.Hooks.getDriver(Hooks.java:25)
	at com.test.Hooks.getDriver(Hooks.java:25)
	at com.test.Hooks.getDriver(Hooks.java:25)
	at com.test.Hooks.getDriver(Hooks.java:25)
	at com.test.Hooks.getDriver(Hooks.java:25)
	at com.test.Hooks.getDriver(Hooks.java:25)
	at com.test.Hooks.getDriver(Hooks.java:25)
	at com.test.Hooks.getDriver(Hooks.java:25)
	at com.test.Hooks.getDriver(Hooks.java:25)
	at com.test.Hooks.getDriver(Hooks.java:25)
	at com.test.Hooks.getDriver(Hooks.java:25)
	at com.test.Hooks.getDriver(Hooks.java:25)
	at com.test.Hooks.getDriver(Hooks.java:25)
	at com.test.Hooks.getDriver(Hooks.java:25)
	at com.test.Hooks.getDriver(Hooks.java:25)
	at com.test.Hooks.getDriver(Hooks.java:25)
	at com.test.Hooks.getDriver(Hooks.java:25)
	at com.test.Hooks.getDriver(Hooks.java:25)
	at com.test.Hooks.getDriver(Hooks.java:25)
	at com.test.Hooks.getDriver(Hooks.java:25)
	at com.test.Hooks.getDriver(Hooks.java:25)
	at com.test.Hooks.getDriver(Hooks.java:25)
	at com.test.Hooks.getDriver(Hooks.java:25)
	at com.test.Hooks.getDriver(Hooks.java:25)
	at com.test.Hooks.getDriver(Hooks.java:25)
	at com.test.Hooks.getDriver(Hooks.java:25)
	at com.test.Hooks.getDriver(Hooks.java:25)
	at com.test.Hooks.getDriver(Hooks.java:25)
	at com.test.Hooks.getDriver(Hooks.java:25)
	at com.test.Hooks.getDriver(Hooks.java:25)
	at com.test.Hooks.getDriver(Hooks.java:25)
	at com.test.Hooks.getDriver(Hooks.java:25)
	at com.test.Hooks.getDriver(Hooks.java:25)
	at com.test.Hooks.getDriver(Hooks.java:25)
	at com.test.Hooks.getDriver(Hooks.java:25)
	at com.test.Hooks.getDriver(Hooks.java:25)
	at com.test.Hooks.getDriver(Hooks.java:25)
	at com.test.Hooks.getDriver(Hooks.java:25)
	at com.test.Hooks.getDriver(Hooks.java:25)
	at com.test.Hooks.getDriver(Hooks.java:25)
	at com.test.Hooks.getDriver(Hooks.java:25)
	at com.test.Hooks.getDriver(Hooks.java:25)
	at com.test.Hooks.getDriver(Hooks.java:25)
	at com.test.Hooks.getDriver(Hooks.java:25)
	at com.test.Hooks.getDriver(Hooks.java:25)
	at com.test.Hooks.getDriver(Hooks.java:25)
	at com.test.Hooks.getDriver(Hooks.java:25)
	at com.test.Hooks.getDriver(Hooks.java:25)
	at com.test.Hooks.getDriver(Hooks.java:25)
	at com.test.Hooks.getDriver(Hooks.java:25)
	at com.test.Hooks.getDriver(Hooks.java:25)
	at com.test.Hooks.getDriver(Hooks.java:25)
	at com.test.Hooks.getDriver(Hooks.java:25)
	at com.test.Hooks.getDriver(Hooks.java:25)
	at com.test.Hooks.getDriver(Hooks.java:25)
	at com.test.Hooks.getDriver(Hooks.java:25)
	at com.test.Hooks.getDriver(Hooks.java:25)
	at com.test.Hooks.getDriver(Hooks.java:25)
	at com.test.Hooks.getDriver(Hooks.java:25)
	at com.test.Hooks.getDriver(Hooks.java:25)
	at com.test.Hooks.getDriver(Hooks.java:25)
	at com.test.Hooks.getDriver(Hooks.java:25)
	at com.test.Hooks.getDriver(Hooks.java:25)
	at com.test.Hooks.getDriver(Hooks.java:25)
	at com.test.Hooks.getDriver(Hooks.java:25)
	at com.test.Hooks.getDriver(Hooks.java:25)
	at com.test.Hooks.getDriver(Hooks.java:25)
	at com.test.Hooks.getDriver(Hooks.java:25)
	at com.test.Hooks.getDriver(Hooks.java:25)
	at com.test.Hooks.getDriver(Hooks.java:25)
	at com.test.Hooks.getDriver(Hooks.java:25)
	at com.test.Hooks.getDriver(Hooks.java:25)
	at com.test.Hooks.getDriver(Hooks.java:25)
	at com.test.Hooks.getDriver(Hooks.java:25)
	at com.test.Hooks.getDriver(Hooks.java:25)
	at com.test.Hooks.getDriver(Hooks.java:25)
	at com.test.Hooks.getDriver(Hooks.java:25)
	at com.test.Hooks.getDriver(Hooks.java:25)
	at com.test.Hooks.getDriver(Hooks.java:25)
	at com.test.Hooks.getDriver(Hooks.java:25)
	at com.test.Hooks.getDriver(Hooks.java:25)
	at com.test.Hooks.getDriver(Hooks.java:25)
	at com.test.Hooks.getDriver(Hooks.java:25)
	at com.test.Hooks.getDriver(Hooks.java:25)
	at com.test.Hooks.getDriver(Hooks.java:25)
	at com.test.Hooks.getDriver(Hooks.java:25)
	at com.test.Hooks.getDriver(Hooks.java:25)
	at com.test.Hooks.getDriver(Hooks.java:25)
	at com.test.Hooks.getDriver(Hooks.java:25)
	at com.test.Hooks.getDriver(Hooks.java:25)
	at com.test.Hooks.getDriver(Hooks.java:25)
	at com.test.Hooks.getDriver(Hooks.java:25)
	at com.test.Hooks.getDriver(Hooks.java:25)
	at com.test.Hooks.getDriver(Hooks.java:25)
	at com.test.Hooks.getDriver(Hooks.java:25)
	at com.test.Hooks.getDriver(Hooks.java:25)
	at com.test.Hooks.getDriver(Hooks.java:25)
	at com.test.Hooks.getDriver(Hooks.java:25)
	at com.test.Hooks.getDriver(Hooks.java:25)
	at com.test.Hooks.getDriver(Hooks.java:25)
	at com.test.Hooks.getDriver(Hooks.java:25)
	at com.test.Hooks.getDriver(Hooks.java:25)
	at com.test.Hooks.getDriver(Hooks.java:25)
	at com.test.Hooks.getDriver(Hooks.java:25)
	at com.test.Hooks.getDriver(Hooks.java:25)
	at com.test.Hooks.getDriver(Hooks.java:25)
	at com.test.Hooks.getDriver(Hooks.java:25)
	at com.test.Hooks.getDriver(Hooks.java:25)
	at com.test.Hooks.getDriver(Hooks.java:25)
	at com.test.Hooks.getDriver(Hooks.java:25)
	at com.test.Hooks.getDriver(Hooks.java:25)
	at com.test.Hooks.getDriver(Hooks.java:25)
	at com.test.Hooks.getDriver(Hooks.java:25)
	at com.test.Hooks.getDriver(Hooks.java:25)
	at com.test.Hooks.getDriver(Hooks.java:25)
	at com.test.Hooks.getDriver(Hooks.java:25)
	at com.test.Hooks.getDriver(Hooks.java:25)
	at com.test.Hooks.getDriver(Hooks.java:25)
	at com.test.Hooks.getDriver(Hooks.java:25)
	at com.test.Hooks.getDriver(Hooks.java:25)
	at com.test.Hooks.getDriver(Hooks.java:25)
	at com.test.Hooks.getDriver(Hooks.java:25)
	at com.test.Hooks.getDriver(Hooks.java:25)
	at com.test.Hooks.getDriver(Hooks.java:25)
	at com.test.Hooks.getDriver(Hooks.java:25)
	at com.test.Hooks.getDriver(Hooks.java:25)
	at com.test.Hooks.getDriver(Hooks.java:25)
	at com.test.Hooks.getDriver(Hooks.java:25)
	at com.test.Hooks.getDriver(Hooks.java:25)
	at com.test.Hooks.getDriver(Hooks.java:25)
	at com.test.Hooks.getDriver(Hooks.java:25)
	at com.test.Hooks.getDriver(Hooks.java:25)
	at com.test.Hooks.getDriver(Hooks.java:25)
	at com.test.Hooks.getDriver(Hooks.java:25)
	at com.test.Hooks.getDriver(Hooks.java:25)
	at com.test.Hooks.getDriver(Hooks.java:25)
	at com.test.Hooks.getDriver(Hooks.java:25)
	at com.test.Hooks.getDriver(Hooks.java:25)
	at com.test.Hooks.getDriver(Hooks.java:25)
	at com.test.Hooks.getDriver(Hooks.java:25)
	at com.test.Hooks.getDriver(Hooks.java:25)
	at com.test.Hooks.getDriver(Hooks.java:25)
	at com.test.Hooks.getDriver(Hooks.java:25)
	at com.test.Hooks.getDriver(Hooks.java:25)
	at com.test.Hooks.getDriver(Hooks.java:25)
	at com.test.Hooks.getDriver(Hooks.java:25)
	at com.test.Hooks.getDriver(Hooks.java:25)
	at com.test.Hooks.getDriver(Hooks.java:25)
	at com.test.Hooks.getDriver(Hooks.java:25)
	at com.test.Hooks.getDriver(Hooks.java:25)
	at com.test.Hooks.getDriver(Hooks.java:25)
	at com.test.Hooks.getDriver(Hooks.java:25)
	at com.test.Hooks.getDriver(Hooks.java:25)
	at com.test.Hooks.getDriver(Hooks.java:25)
	at com.test.Hooks.getDriver(Hooks.java:25)
	at com.test.Hooks.getDriver(Hooks.java:25)
	at com.test.Hooks.getDriver(Hooks.java:25)
	at com.test.Hooks.getDriver(Hooks.java:25)
	at com.test.Hooks.getDriver(Hooks.java:25)
	at com.test.Hooks.getDriver(Hooks.java:25)
	at com.test.Hooks.getDriver(Hooks.java:25)
	at com.test.Hooks.getDriver(Hooks.java:25)
	at com.test.Hooks.getDriver(Hooks.java:25)
	at com.test.Hooks.getDriver(Hooks.java:25)
	at com.test.Hooks.getDriver(Hooks.java:25)
	at com.test.Hooks.getDriver(Hooks.java:25)
	at com.test.Hooks.getDriver(Hooks.java:25)
	at com.test.Hooks.getDriver(Hooks.java:25)
	at com.test.Hooks.getDriver(Hooks.java:25)
	at com.test.Hooks.getDriver(Hooks.java:25)
	at com.test.Hooks.getDriver(Hooks.java:25)
	at com.test.Hooks.getDriver(Hooks.java:25)
	at com.test.Hooks.getDriver(Hooks.java:25)
	at com.test.Hooks.getDriver(Hooks.java:25)
	at com.test.Hooks.getDriver(Hooks.java:25)
	at com.test.Hooks.getDriver(Hooks.java:25)
	at com.test.Hooks.getDriver(Hooks.java:25)
	at com.test.Hooks.getDriver(Hooks.java:25)
	at com.test.Hooks.getDriver(Hooks.java:25)
	at com.test.Hooks.getDriver(Hooks.java:25)
	at com.test.Hooks.getDriver(Hooks.java:25)
	at com.test.Hooks.getDriver(Hooks.java:25)
	at com.test.Hooks.getDriver(Hooks.java:25)
	at com.test.Hooks.getDriver(Hooks.java:25)
	at com.test.Hooks.getDriver(Hooks.java:25)
	at com.test.Hooks.getDriver(Hooks.java:25)
	at com.test.Hooks.getDriver(Hooks.java:25)
	at com.test.Hooks.getDriver(Hooks.java:25)
	at com.test.Hooks.getDriver(Hooks.java:25)
	at com.test.Hooks.getDriver(Hooks.java:25)
	at com.test.Hooks.getDriver(Hooks.java:25)
	at com.test.Hooks.getDriver(Hooks.java:25)
	at com.test.Hooks.getDriver(Hooks.java:25)
	at com.test.Hooks.getDriver(Hooks.java:25)
	at com.test.Hooks.getDriver(Hooks.java:25)
	at com.test.Hooks.getDriver(Hooks.java:25)
	at com.test.Hooks.getDriver(Hooks.java:25)
	at com.test.Hooks.getDriver(Hooks.java:25)
	at com.test.Hooks.getDriver(Hooks.java:25)
	at com.test.Hooks.getDriver(Hooks.java:25)
	at com.test.Hooks.getDriver(Hooks.java:25)
	at com.test.Hooks.getDriver(Hooks.java:25)
	at com.test.Hooks.getDriver(Hooks.java:25)
	at com.test.Hooks.getDriver(Hooks.java:25)
	at com.test.Hooks.getDriver(Hooks.java:25)
	at com.test.Hooks.getDriver(Hooks.java:25)
	at com.test.Hooks.getDriver(Hooks.java:25)
	at com.test.Hooks.getDriver(Hooks.java:25)
	at com.test.Hooks.getDriver(Hooks.java:25)
	at com.test.Hooks.getDriver(Hooks.java:25)
	at com.test.Hooks.getDriver(Hooks.java:25)
	at com.test.Hooks.getDriver(Hooks.java:25)
	at com.test.Hooks.getDriver(Hooks.java:25)
	at com.test.Hooks.getDriver(Hooks.java:25)
	at com.test.Hooks.getDriver(Hooks.java:25)
	at com.test.Hooks.getDriver(Hooks.java:25)
	at com.test.Hooks.getDriver(Hooks.java:25)
	at com.test.Hooks.getDriver(Hooks.java:25)
	at com.test.Hooks.getDriver(Hooks.java:25)
	at com.test.Hooks.getDriver(Hooks.java:25)
	at com.test.Hooks.getDriver(Hooks.java:25)
	at com.test.Hooks.getDriver(Hooks.java:25)
	at com.test.Hooks.getDriver(Hooks.java:25)
	at com.test.Hooks.getDriver(Hooks.java:25)
	at com.test.Hooks.getDriver(Hooks.java:25)
	at com.test.Hooks.getDriver(Hooks.java:25)
	at com.test.Hooks.getDriver(Hooks.java:25)
	at com.test.Hooks.getDriver(Hooks.java:25)
	at com.test.Hooks.getDriver(Hooks.java:25)
	at com.test.Hooks.getDriver(Hooks.java:25)
	at com.test.Hooks.getDriver(Hooks.java:25)
	at com.test.Hooks.getDriver(Hooks.java:25)
	at com.test.Hooks.getDriver(Hooks.java:25)
	at com.test.Hooks.getDriver(Hooks.java:25)
	at com.test.Hooks.getDriver(Hooks.java:25)
	at com.test.Hooks.getDriver(Hooks.java:25)
	at com.test.Hooks.getDriver(Hooks.java:25)
	at com.test.Hooks.getDriver(Hooks.java:25)
	at com.test.Hooks.getDriver(Hooks.java:25)
	at com.test.Hooks.getDriver(Hooks.java:25)
	at com.test.Hooks.getDriver(Hooks.java:25)
	at com.test.Hooks.getDriver(Hooks.java:25)
	at com.test.Hooks.getDriver(Hooks.java:25)
	at com.test.Hooks.getDriver(Hooks.java:25)
	at com.test.Hooks.getDriver(Hooks.java:25)
	at com.test.Hooks.getDriver(Hooks.java:25)
	at com.test.Hooks.getDriver(Hooks.java:25)
	at com.test.Hooks.getDriver(Hooks.java:25)
	at com.test.Hooks.getDriver(Hooks.java:25)
	at com.test.Hooks.getDriver(Hooks.java:25)
	at com.test.Hooks.getDriver(Hooks.java:25)
	at com.test.Hooks.getDriver(Hooks.java:25)
	at com.test.Hooks.getDriver(Hooks.java:25)
	at com.test.Hooks.getDriver(Hooks.java:25)
	at com.test.Hooks.getDriver(Hooks.java:25)
	at com.test.Hooks.getDriver(Hooks.java:25)
	at com.test.Hooks.getDriver(Hooks.java:25)
	at com.test.Hooks.getDriver(Hooks.java:25)
	at com.test.Hooks.getDriver(Hooks.java:25)
	at com.test.Hooks.getDriver(Hooks.java:25)
	at com.test.Hooks.getDriver(Hooks.java:25)
	at com.test.Hooks.getDriver(Hooks.java:25)
	at com.test.Hooks.getDriver(Hooks.java:25)
	at com.test.Hooks.getDriver(Hooks.java:25)
	at com.test.Hooks.getDriver(Hooks.java:25)
	at com.test.Hooks.getDriver(Hooks.java:25)
	at com.test.Hooks.getDriver(Hooks.java:25)
	at com.test.Hooks.getDriver(Hooks.java:25)
	at com.test.Hooks.getDriver(Hooks.java:25)
	at com.test.Hooks.getDriver(Hooks.java:25)
	at com.test.Hooks.getDriver(Hooks.java:25)
	at com.test.Hooks.getDriver(Hooks.java:25)
	at com.test.Hooks.getDriver(Hooks.java:25)
	at com.test.Hooks.getDriver(Hooks.java:25)
	at com.test.Hooks.getDriver(Hooks.java:25)
	at com.test.Hooks.getDriver(Hooks.java:25)
	at com.test.Hooks.getDriver(Hooks.java:25)
	at com.test.Hooks.getDriver(Hooks.java:25)
	at com.test.Hooks.getDriver(Hooks.java:25)
	at com.test.Hooks.getDriver(Hooks.java:25)
	at com.test.Hooks.getDriver(Hooks.java:25)
	at com.test.Hooks.getDriver(Hooks.java:25)
	at com.test.Hooks.getDriver(Hooks.java:25)
	at com.test.Hooks.getDriver(Hooks.java:25)
	at com.test.Hooks.getDriver(Hooks.java:25)
	at com.test.Hooks.getDriver(Hooks.java:25)
	at com.test.Hooks.getDriver(Hooks.java:25)
	at com.test.Hooks.getDriver(Hooks.java:25)
	at com.test.Hooks.getDriver(Hooks.java:25)
	at com.test.Hooks.getDriver(Hooks.java:25)
	at com.test.Hooks.getDriver(Hooks.java:25)
	at com.test.Hooks.getDriver(Hooks.java:25)
	at com.test.Hooks.getDriver(Hooks.java:25)
	at com.test.Hooks.getDriver(Hooks.java:25)
	at com.test.Hooks.getDriver(Hooks.java:25)
	at com.test.Hooks.getDriver(Hooks.java:25)
	at com.test.Hooks.getDriver(Hooks.java:25)
	at com.test.Hooks.getDriver(Hooks.java:25)
	at com.test.Hooks.getDriver(Hooks.java:25)
	at com.test.Hooks.getDriver(Hooks.java:25)
	at com.test.Hooks.getDriver(Hooks.java:25)
	at com.test.Hooks.getDriver(Hooks.java:25)
	at com.test.Hooks.getDriver(Hooks.java:25)
	at com.test.Hooks.getDriver(Hooks.java:25)
	at com.test.Hooks.getDriver(Hooks.java:25)
	at com.test.Hooks.getDriver(Hooks.java:25)
	at com.test.Hooks.getDriver(Hooks.java:25)
	at com.test.Hooks.getDriver(Hooks.java:25)
	at com.test.Hooks.getDriver(Hooks.java:25)
	at com.test.Hooks.getDriver(Hooks.java:25)
	at com.test.Hooks.getDriver(Hooks.java:25)
	at com.test.Hooks.getDriver(Hooks.java:25)
	at com.test.Hooks.getDriver(Hooks.java:25)
	at com.test.Hooks.getDriver(Hooks.java:25)
	at com.test.Hooks.getDriver(Hooks.java:25)
	at com.test.Hooks.getDriver(Hooks.java:25)
	at com.test.Hooks.getDriver(Hooks.java:25)
	at com.test.Hooks.getDriver(Hooks.java:25)
	at com.test.Hooks.getDriver(Hooks.java:25)
	at com.test.Hooks.getDriver(Hooks.java:25)
	at com.test.Hooks.getDriver(Hooks.java:25)
	at com.test.Hooks.getDriver(Hooks.java:25)
	at com.test.Hooks.getDriver(Hooks.java:25)
	at com.test.Hooks.getDriver(Hooks.java:25)
	at com.test.Hooks.getDriver(Hooks.java:25)
	at com.test.Hooks.getDriver(Hooks.java:25)
	at com.test.Hooks.getDriver(Hooks.java:25)
	at com.test.Hooks.getDriver(Hooks.java:25)
	at com.test.Hooks.getDriver(Hooks.java:25)
	at com.test.Hooks.getDriver(Hooks.java:25)
	at com.test.Hooks.getDriver(Hooks.java:25)
	at com.test.Hooks.getDriver(Hooks.java:25)
	at com.test.Hooks.getDriver(Hooks.java:25)
	at com.test.Hooks.getDriver(Hooks.java:25)
	at com.test.Hooks.getDriver(Hooks.java:25)
	at com.test.Hooks.getDriver(Hooks.java:25)
	at com.test.Hooks.getDriver(Hooks.java:25)
	at com.test.Hooks.getDriver(Hooks.java:25)
	at com.test.Hooks.getDriver(Hooks.java:25)
	at com.test.Hooks.getDriver(Hooks.java:25)
	at com.test.Hooks.getDriver(Hooks.java:25)
	at com.test.Hooks.getDriver(Hooks.java:25)
	at com.test.Hooks.getDriver(Hooks.java:25)
	at com.test.Hooks.getDriver(Hooks.java:25)
	at com.test.Hooks.getDriver(Hooks.java:25)
	at com.test.Hooks.getDriver(Hooks.java:25)
	at com.test.Hooks.getDriver(Hooks.java:25)
	at com.test.Hooks.getDriver(Hooks.java:25)
	at com.test.Hooks.getDriver(Hooks.java:25)
	at com.test.Hooks.getDriver(Hooks.java:25)
	at com.test.Hooks.getDriver(Hooks.java:25)
	at com.test.Hooks.getDriver(Hooks.java:25)
	at com.test.Hooks.getDriver(Hooks.java:25)
	at com.test.Hooks.getDriver(Hooks.java:25)
	at com.test.Hooks.getDriver(Hooks.java:25)
	at com.test.Hooks.getDriver(Hooks.java:25)
	at com.test.Hooks.getDriver(Hooks.java:25)
	at com.test.Hooks.getDriver(Hooks.java:25)
	at com.test.Hooks.getDriver(Hooks.java:25)
	at com.test.Hooks.getDriver(Hooks.java:25)
	at com.test.Hooks.getDriver(Hooks.java:25)
	at com.test.Hooks.getDriver(Hooks.java:25)
	at com.test.Hooks.getDriver(Hooks.java:25)
	at com.test.Hooks.getDriver(Hooks.java:25)
	at com.test.Hooks.getDriver(Hooks.java:25)
	at com.test.Hooks.getDriver(Hooks.java:25)
	at com.test.Hooks.getDriver(Hooks.java:25)
	at com.test.Hooks.getDriver(Hooks.java:25)
	at com.test.Hooks.getDriver(Hooks.java:25)
	at com.test.Hooks.getDriver(Hooks.java:25)
	at com.test.Hooks.getDriver(Hooks.java:25)
	at com.test.Hooks.getDriver(Hooks.java:25)
	at com.test.Hooks.getDriver(Hooks.java:25)
	at com.test.Hooks.getDriver(Hooks.java:25)
	at com.test.Hooks.getDriver(Hooks.java:25)
	at com.test.Hooks.getDriver(Hooks.java:25)
	at com.test.Hooks.getDriver(Hooks.java:25)
	at com.test.Hooks.getDriver(Hooks.java:25)
	at com.test.Hooks.getDriver(Hooks.java:25)
	at com.test.Hooks.getDriver(Hooks.java:25)
	at com.test.Hooks.getDriver(Hooks.java:25)
	at com.test.Hooks.getDriver(Hooks.java:25)
	at com.test.Hooks.getDriver(Hooks.java:25)
	at com.test.Hooks.getDriver(Hooks.java:25)
	at com.test.Hooks.getDriver(Hooks.java:25)
	at com.test.Hooks.getDriver(Hooks.java:25)
	at com.test.Hooks.getDriver(Hooks.java:25)
	at com.test.Hooks.getDriver(Hooks.java:25)
	at com.test.Hooks.getDriver(Hooks.java:25)
	at com.test.Hooks.getDriver(Hooks.java:25)
	at com.test.Hooks.getDriver(Hooks.java:25)
	at com.test.Hooks.getDriver(Hooks.java:25)
	at com.test.Hooks.getDriver(Hooks.java:25)
	at com.test.Hooks.getDriver(Hooks.java:25)
	at com.test.Hooks.getDriver(Hooks.java:25)
	at com.test.Hooks.getDriver(Hooks.java:25)
	at com.test.Hooks.getDriver(Hooks.java:25)
	at com.test.Hooks.getDriver(Hooks.java:25)
	at com.test.Hooks.getDriver(Hooks.java:25)
	at com.test.Hooks.getDriver(Hooks.java:25)
	at com.test.Hooks.getDriver(Hooks.java:25)
	at com.test.Hooks.getDriver(Hooks.java:25)
	at com.test.Hooks.getDriver(Hooks.java:25)
	at com.test.Hooks.getDriver(Hooks.java:25)
	at com.test.Hooks.getDriver(Hooks.java:25)
	at com.test.Hooks.getDriver(Hooks.java:25)
	at com.test.Hooks.getDriver(Hooks.java:25)
	at com.test.Hooks.getDriver(Hooks.java:25)
	at com.test.Hooks.getDriver(Hooks.java:25)
	at com.test.Hooks.getDriver(Hooks.java:25)
	at com.test.Hooks.getDriver(Hooks.java:25)
	at com.test.Hooks.getDriver(Hooks.java:25)
	at com.test.Hooks.getDriver(Hooks.java:25)
	at com.test.Hooks.getDriver(Hooks.java:25)
	at com.test.Hooks.getDriver(Hooks.java:25)
	at com.test.Hooks.getDriver(Hooks.java:25)
	at com.test.Hooks.getDriver(Hooks.java:25)
	at com.test.Hooks.getDriver(Hooks.java:25)
	at com.test.Hooks.getDriver(Hooks.java:25)
	at com.test.Hooks.getDriver(Hooks.java:25)
	at com.test.Hooks.getDriver(Hooks.java:25)
	at com.test.Hooks.getDriver(Hooks.java:25)
	at com.test.Hooks.getDriver(Hooks.java:25)
	at com.test.Hooks.getDriver(Hooks.java:25)
	at com.test.Hooks.getDriver(Hooks.java:25)
	at com.test.Hooks.getDriver(Hooks.java:25)
	at com.test.Hooks.getDriver(Hooks.java:25)
	at com.test.Hooks.getDriver(Hooks.java:25)
	at com.test.Hooks.getDriver(Hooks.java:25)
	at com.test.Hooks.getDriver(Hooks.java:25)
	at com.test.Hooks.getDriver(Hooks.java:25)
	at com.test.Hooks.getDriver(Hooks.java:25)
	at com.test.Hooks.getDriver(Hooks.java:25)
	at com.test.Hooks.getDriver(Hooks.java:25)
	at com.test.Hooks.getDriver(Hooks.java:25)
	at com.test.Hooks.getDriver(Hooks.java:25)
	at com.test.Hooks.getDriver(Hooks.java:25)
	at com.test.Hooks.getDriver(Hooks.java:25)
	at com.test.Hooks.getDriver(Hooks.java:25)
	at com.test.Hooks.getDriver(Hooks.java:25)
	at com.test.Hooks.getDriver(Hooks.java:25)
	at com.test.Hooks.getDriver(Hooks.java:25)
	at com.test.Hooks.getDriver(Hooks.java:25)
	at com.test.Hooks.getDriver(Hooks.java:25)
	at com.test.Hooks.getDriver(Hooks.java:25)
	at com.test.Hooks.getDriver(Hooks.java:25)
	at com.test.Hooks.getDriver(Hooks.java:25)
	at com.test.Hooks.getDriver(Hooks.java:25)
	at com.test.Hooks.getDriver(Hooks.java:25)
	at com.test.Hooks.getDriver(Hooks.java:25)
	at com.test.Hooks.getDriver(Hooks.java:25)
	at com.test.Hooks.getDriver(Hooks.java:25)
	at com.test.Hooks.getDriver(Hooks.java:25)
	at com.test.Hooks.getDriver(Hooks.java:25)
	at com.test.Hooks.getDriver(Hooks.java:25)
	at com.test.Hooks.getDriver(Hooks.java:25)
	at com.test.Hooks.getDriver(Hooks.java:25)
	at com.test.Hooks.getDriver(Hooks.java:25)
	at com.test.Hooks.getDriver(Hooks.java:25)
	at com.test.Hooks.getDriver(Hooks.java:25)
	at com.test.Hooks.getDriver(Hooks.java:25)
	at com.test.Hooks.getDriver(Hooks.java:25)
	at com.test.Hooks.getDriver(Hooks.java:25)
	at com.test.Hooks.getDriver(Hooks.java:25)
	at com.test.Hooks.getDriver(Hooks.java:25)
	at com.test.Hooks.getDriver(Hooks.java:25)
	at com.test.Hooks.getDriver(Hooks.java:25)
	at com.test.Hooks.getDriver(Hooks.java:25)
	at com.test.Hooks.getDriver(Hooks.java:25)
	at com.test.Hooks.getDriver(Hooks.java:25)
	at com.test.Hooks.getDriver(Hooks.java:25)
	at com.test.Hooks.getDriver(Hooks.java:25)
	at com.test.Hooks.getDriver(Hooks.java:25)
	at com.test.Hooks.getDriver(Hooks.java:25)
	at com.test.Hooks.getDriver(Hooks.java:25)
	at com.test.Hooks.getDriver(Hooks.java:25)
	at com.test.Hooks.getDriver(Hooks.java:25)
	at com.test.Hooks.getDriver(Hooks.java:25)
	at com.test.Hooks.getDriver(Hooks.java:25)
	at com.test.Hooks.getDriver(Hooks.java:25)
	at com.test.Hooks.getDriver(Hooks.java:25)
	at com.test.Hooks.getDriver(Hooks.java:25)
	at com.test.Hooks.getDriver(Hooks.java:25)
	at com.test.Hooks.getDriver(Hooks.java:25)
	at com.test.Hooks.getDriver(Hooks.java:25)
	at com.test.Hooks.getDriver(Hooks.java:25)
	at com.test.Hooks.getDriver(Hooks.java:25)
	at com.test.Hooks.getDriver(Hooks.java:25)
	at com.test.Hooks.getDriver(Hooks.java:25)
	at com.test.Hooks.getDriver(Hooks.java:25)
	at com.test.Hooks.getDriver(Hooks.java:25)
	at com.test.Hooks.getDriver(Hooks.java:25)
	at com.test.Hooks.getDriver(Hooks.java:25)
	at com.test.Hooks.getDriver(Hooks.java:25)
	at com.test.Hooks.getDriver(Hooks.java:25)
	at com.test.Hooks.getDriver(Hooks.java:25)
	at com.test.Hooks.getDriver(Hooks.java:25)
	at com.test.Hooks.getDriver(Hooks.java:25)
	at com.test.Hooks.getDriver(Hooks.java:25)
	at com.test.Hooks.getDriver(Hooks.java:25)
	at com.test.Hooks.getDriver(Hooks.java:25)
	at com.test.Hooks.getDriver(Hooks.java:25)
	at com.test.Hooks.getDriver(Hooks.java:25)
	at com.test.Hooks.getDriver(Hooks.java:25)
	at com.test.Hooks.getDriver(Hooks.java:25)
	at com.test.Hooks.getDriver(Hooks.java:25)
	at com.test.Hooks.getDriver(Hooks.java:25)
	at com.test.Hooks.getDriver(Hooks.java:25)
	at com.test.Hooks.getDriver(Hooks.java:25)
	at com.test.Hooks.getDriver(Hooks.java:25)
	at com.test.Hooks.getDriver(Hooks.java:25)
	at com.test.Hooks.getDriver(Hooks.java:25)
	at com.test.Hooks.getDriver(Hooks.java:25)
	at com.test.Hooks.getDriver(Hooks.java:25)
	at com.test.Hooks.getDriver(Hooks.java:25)
	at com.test.Hooks.getDriver(Hooks.java:25)
	at com.test.Hooks.getDriver(Hooks.java:25)
	at com.test.Hooks.getDriver(Hooks.java:25)
	at com.test.Hooks.getDriver(Hooks.java:25)
	at com.test.Hooks.getDriver(Hooks.java:25)
	at com.test.Hooks.getDriver(Hooks.java:25)
	at com.test.Hooks.getDriver(Hooks.java:25)
	at com.test.Hooks.getDriver(Hooks.java:25)
	at com.test.Hooks.getDriver(Hooks.java:25)
	at com.test.Hooks.getDriver(Hooks.java:25)
	at com.test.Hooks.getDriver(Hooks.java:25)
	at com.test.Hooks.getDriver(Hooks.java:25)
	at com.test.Hooks.getDriver(Hooks.java:25)
	at com.test.Hooks.getDriver(Hooks.java:25)
	at com.test.Hooks.getDriver(Hooks.java:25)
	at com.test.Hooks.getDriver(Hooks.java:25)
	at com.test.Hooks.getDriver(Hooks.java:25)
	at com.test.Hooks.getDriver(Hooks.java:25)
	at com.test.Hooks.getDriver(Hooks.java:25)
	at com.test.Hooks.getDriver(Hooks.java:25)
	at com.test.Hooks.getDriver(Hooks.java:25)
	at com.test.Hooks.getDriver(Hooks.java:25)
	at com.test.Hooks.getDriver(Hooks.java:25)
	at com.test.Hooks.getDriver(Hooks.java:25)
	at com.test.Hooks.getDriver(Hooks.java:25)
	at com.test.Hooks.getDriver(Hooks.java:25)
	at com.test.Hooks.getDriver(Hooks.java:25)
	at com.test.Hooks.getDriver(Hooks.java:25)
	at com.test.Hooks.getDriver(Hooks.java:25)
	at com.test.Hooks.getDriver(Hooks.java:25)
	at com.test.Hooks.getDriver(Hooks.java:25)
	at com.test.Hooks.getDriver(Hooks.java:25)
	at com.test.Hooks.getDriver(Hooks.java:25)
	at com.test.Hooks.getDriver(Hooks.java:25)
	at com.test.Hooks.getDriver(Hooks.java:25)
	at com.test.Hooks.getDriver(Hooks.java:25)
	at com.test.Hooks.getDriver(Hooks.java:25)
	at com.test.Hooks.getDriver(Hooks.java:25)
	at com.test.Hooks.getDriver(Hooks.java:25)
	at com.test.Hooks.getDriver(Hooks.java:25)
	at com.test.Hooks.getDriver(Hooks.java:25)
	at com.test.Hooks.getDriver(Hooks.java:25)
	at com.test.Hooks.getDriver(Hooks.java:25)
	at com.test.Hooks.getDriver(Hooks.java:25)
	at com.test.Hooks.getDriver(Hooks.java:25)
	at com.test.Hooks.getDriver(Hooks.java:25)
	at com.test.Hooks.getDriver(Hooks.java:25)
	at com.test.Hooks.getDriver(Hooks.java:25)
	at com.test.Hooks.getDriver(Hooks.java:25)
	at com.test.Hooks.getDriver(Hooks.java:25)
	at com.test.Hooks.getDriver(Hooks.java:25)
	at com.test.Hooks.getDriver(Hooks.java:25)
	at com.test.Hooks.getDriver(Hooks.java:25)
	at com.test.Hooks.getDriver(Hooks.java:25)
	at com.test.Hooks.getDriver(Hooks.java:25)
	at com.test.Hooks.getDriver(Hooks.java:25)
	at com.test.Hooks.getDriver(Hooks.java:25)
	at com.test.Hooks.getDriver(Hooks.java:25)
	at com.test.Hooks.getDriver(Hooks.java:25)
	at com.test.Hooks.getDriver(Hooks.java:25)
	at com.test.Hooks.getDriver(Hooks.java:25)
	at com.test.Hooks.getDriver(Hooks.java:25)
	at com.test.Hooks.getDriver(Hooks.java:25)
	at com.test.Hooks.getDriver(Hooks.java:25)
	at com.test.Hooks.getDriver(Hooks.java:25)
	at com.test.Hooks.getDriver(Hooks.java:25)
	at com.test.Hooks.getDriver(Hooks.java:25)
	at com.test.Hooks.getDriver(Hooks.java:25)
	at com.test.Hooks.getDriver(Hooks.java:25)
	at com.test.Hooks.getDriver(Hooks.java:25)
	at com.test.Hooks.getDriver(Hooks.java:25)
	at com.test.Hooks.getDriver(Hooks.java:25)
	at com.test.Hooks.getDriver(Hooks.java:25)
	at com.test.Hooks.getDriver(Hooks.java:25)
	at com.test.Hooks.getDriver(Hooks.java:25)
	at com.test.Hooks.getDriver(Hooks.java:25)
	at com.test.Hooks.getDriver(Hooks.java:25)
	at com.test.Hooks.getDriver(Hooks.java:25)
	at com.test.Hooks.getDriver(Hooks.java:25)
	at com.test.Hooks.getDriver(Hooks.java:25)
	at com.test.Hooks.getDriver(Hooks.java:25)
	at com.test.Hooks.getDriver(Hooks.java:25)
	at com.test.Hooks.getDriver(Hooks.java:25)
	at com.test.Hooks.getDriver(Hooks.java:25)
	at com.test.Hooks.getDriver(Hooks.java:25)
	at com.test.Hooks.getDriver(Hooks.java:25)
	at com.test.Hooks.getDriver(Hooks.java:25)
	at com.test.Hooks.getDriver(Hooks.java:25)
	at com.test.Hooks.getDriver(Hooks.java:25)
	at com.test.Hooks.getDriver(Hooks.java:25)
	at com.test.Hooks.getDriver(Hooks.java:25)
	at com.test.Hooks.getDriver(Hooks.java:25)
	at com.test.Hooks.getDriver(Hooks.java:25)
	at com.test.Hooks.getDriver(Hooks.java:25)
	at com.test.Hooks.getDriver(Hooks.java:25)
	at com.test.Hooks.getDriver(Hooks.java:25)
	at com.test.Hooks.getDriver(Hooks.java:25)
	at com.test.Hooks.getDriver(Hooks.java:25)
	at com.test.Hooks.getDriver(Hooks.java:25)
	at com.test.Hooks.getDriver(Hooks.java:25)
	at com.test.Hooks.getDriver(Hooks.java:25)
	at com.test.Hooks.getDriver(Hooks.java:25)
	at com.test.Hooks.getDriver(Hooks.java:25)
	at com.test.Hooks.getDriver(Hooks.java:25)
	at com.test.Hooks.getDriver(Hooks.java:25)
	at com.test.Hooks.getDriver(Hooks.java:25)
	at com.test.Hooks.getDriver(Hooks.java:25)
	at com.test.Hooks.getDriver(Hooks.java:25)
	at com.test.Hooks.getDriver(Hooks.java:25)
	at com.test.Hooks.getDriver(Hooks.java:25)
	at com.test.Hooks.getDriver(Hooks.java:25)
	at com.test.Hooks.getDriver(Hooks.java:25)
	at com.test.Hooks.getDriver(Hooks.java:25)
	at com.test.Hooks.getDriver(Hooks.java:25)
	at com.test.Hooks.getDriver(Hooks.java:25)
	at com.test.Hooks.getDriver(Hooks.java:25)
	at com.test.Hooks.getDriver(Hooks.java:25)
	at com.test.Hooks.getDriver(Hooks.java:25)
	at com.test.Hooks.getDriver(Hooks.java:25)
	at com.test.Hooks.getDriver(Hooks.java:25)
	at com.test.Hooks.getDriver(Hooks.java:25)
	at com.test.Hooks.getDriver(Hooks.java:25)
	at com.test.Hooks.getDriver(Hooks.java:25)
	at com.test.Hooks.getDriver(Hooks.java:25)
	at com.test.Hooks.getDriver(Hooks.java:25)
	at com.test.Hooks.getDriver(Hooks.java:25)
	at com.test.Hooks.getDriver(Hooks.java:25)
	at com.test.Hooks.getDriver(Hooks.java:25)
	at com.test.Hooks.getDriver(Hooks.java:25)
	at com.test.Hooks.getDriver(Hooks.java:25)
	at com.test.Hooks.getDriver(Hooks.java:25)
	at com.test.Hooks.getDriver(Hooks.java:25)
	at com.test.Hooks.getDriver(Hooks.java:25)
	at com.test.Hooks.getDriver(Hooks.java:25)
	at com.test.Hooks.getDriver(Hooks.java:25)
	at com.test.Hooks.getDriver(Hooks.java:25)
	at com.test.Hooks.getDriver(Hooks.java:25)
	at com.test.Hooks.getDriver(Hooks.java:25)
	at com.test.Hooks.getDriver(Hooks.java:25)
	at com.test.Hooks.getDriver(Hooks.java:25)
	at com.test.Hooks.getDriver(Hooks.java:25)
	at com.test.Hooks.getDriver(Hooks.java:25)
	at com.test.Hooks.getDriver(Hooks.java:25)
	at com.test.Hooks.getDriver(Hooks.java:25)
	at com.test.Hooks.getDriver(Hooks.java:25)
	at com.test.Hooks.getDriver(Hooks.java:25)
	at com.test.Hooks.getDriver(Hooks.java:25)
	at com.test.Hooks.getDriver(Hooks.java:25)
	at com.test.Hooks.getDriver(Hooks.java:25)
	at com.test.Hooks.getDriver(Hooks.java:25)
	at com.test.Hooks.getDriver(Hooks.java:25)
	at com.test.Hooks.getDriver(Hooks.java:25)
	at com.test.Hooks.getDriver(Hooks.java:25)
	at com.test.Hooks.getDriver(Hooks.java:25)
	at com.test.Hooks.getDriver(Hooks.java:25)
	at com.test.Hooks.getDriver(Hooks.java:25)
	at com.test.Hooks.getDriver(Hooks.java:25)
	at com.test.Hooks.getDriver(Hooks.java:25)
	at com.test.Hooks.getDriver(Hooks.java:25)
	at com.test.Hooks.getDriver(Hooks.java:25)
	at com.test.Hooks.getDriver(Hooks.java:25)
	at com.test.Hooks.getDriver(Hooks.java:25)
	at com.test.Hooks.getDriver(Hooks.java:25)
	at com.test.Hooks.getDriver(Hooks.java:25)
	at com.test.Hooks.getDriver(Hooks.java:25)
	at com.test.Hooks.getDriver(Hooks.java:25)
	at com.test.Hooks.getDriver(Hooks.java:25)
	at com.test.Hooks.getDriver(Hooks.java:25)
	at com.test.Hooks.getDriver(Hooks.java:25)
	at com.test.Hooks.getDriver(Hooks.java:25)
	at com.test.Hooks.getDriver(Hooks.java:25)
	at com.test.Hooks.getDriver(Hooks.java:25)
	at com.test.Hooks.getDriver(Hooks.java:25)
	at com.test.Hooks.getDriver(Hooks.java:25)
	at com.test.Hooks.getDriver(Hooks.java:25)
	at com.test.Hooks.getDriver(Hooks.java:25)
	at com.test.Hooks.getDriver(Hooks.java:25)
	at com.test.Hooks.getDriver(Hooks.java:25)
	at com.test.Hooks.getDriver(Hooks.java:25)
	at com.test.Hooks.getDriver(Hooks.java:25)
	at com.test.Hooks.getDriver(Hooks.java:25)
	at com.test.Hooks.getDriver(Hooks.java:25)
	at com.test.Hooks.getDriver(Hooks.java:25)
	at com.test.Hooks.getDriver(Hooks.java:25)
	at com.test.Hooks.getDriver(Hooks.java:25)
	at com.test.Hooks.getDriver(Hooks.java:25)
	at com.test.Hooks.getDriver(Hooks.java:25)
	at com.test.Hooks.getDriver(Hooks.java:25)
	at com.test.Hooks.getDriver(Hooks.java:25)
	at com.test.Hooks.getDriver(Hooks.java:25)
	at com.test.Hooks.getDriver(Hooks.java:25)
	at com.test.Hooks.getDriver(Hooks.java:25)
	at com.test.Hooks.getDriver(Hooks.java:25)
	at com.test.Hooks.getDriver(Hooks.java:25)
	at com.test.Hooks.getDriver(Hooks.java:25)
	at com.test.Hooks.getDriver(Hooks.java:25)
	at com.test.Hooks.getDriver(Hooks.java:25)
	at com.test.Hooks.getDriver(Hooks.java:25)
	at com.test.Hooks.getDriver(Hooks.java:25)
	at com.test.Hooks.getDriver(Hooks.java:25)
	at com.test.Hooks.getDriver(Hooks.java:25)
	at com.test.Hooks.getDriver(Hooks.java:25)
	at com.test.Hooks.getDriver(Hooks.java:25)
	at com.test.Hooks.getDriver(Hooks.java:25)
	at com.test.Hooks.getDriver(Hooks.java:25)
	at com.test.Hooks.getDriver(Hooks.java:25)
	at com.test.Hooks.getDriver(Hooks.java:25)
	at com.test.Hooks.getDriver(Hooks.java:25)
	at com.test.Hooks.getDriver(Hooks.java:25)
	at com.test.Hooks.getDriver(Hooks.java:25)
	at com.test.Hooks.getDriver(Hooks.java:25)
	at com.test.Hooks.getDriver(Hooks.java:25)
	at com.test.Hooks.getDriver(Hooks.java:25)
	at com.test.Hooks.getDriver(Hooks.java:25)
	at com.test.Hooks.getDriver(Hooks.java:25)
	at com.test.Hooks.getDriver(Hooks.java:25)
	at com.test.Hooks.getDriver(Hooks.java:25)
	at com.test.Hooks.getDriver(Hooks.java:25)
	at com.test.Hooks.getDriver(Hooks.java:25)
	at com.test.Hooks.getDriver(Hooks.java:25)
	at com.test.Hooks.getDriver(Hooks.java:25)
	at com.test.Hooks.getDriver(Hooks.java:25)
	at com.test.Hooks.getDriver(Hooks.java:25)
	at com.test.Hooks.getDriver(Hooks.java:25)
	at com.test.Hooks.getDriver(Hooks.java:25)
	at com.test.Hooks.getDriver(Hooks.java:25)
	at com.test.Hooks.getDriver(Hooks.java:25)
	at com.test.Hooks.getDriver(Hooks.java:25)
	at com.test.Hooks.getDriver(Hooks.java:25)
	at com.test.Hooks.getDriver(Hooks.java:25)
	at com.test.Hooks.getDriver(Hooks.java:25)
	at com.test.Hooks.getDriver(Hooks.java:25)
	at com.test.Hooks.getDriver(Hooks.java:25)
	at com.test.Hooks.getDriver(Hooks.java:25)
	at com.test.Hooks.getDriver(Hooks.java:25)
	at com.test.Hooks.getDriver(Hooks.java:25)
	at com.test.Hooks.getDriver(Hooks.java:25)
	at com.test.Hooks.getDriver(Hooks.java:25)
	at com.test.Hooks.getDriver(Hooks.java:25)
	at com.test.Hooks.getDriver(Hooks.java:25)
	at com.test.Hooks.getDriver(Hooks.java:25)
	at com.test.Hooks.getDriver(Hooks.java:25)
	at com.test.Hooks.getDriver(Hooks.java:25)
	at com.test.Hooks.getDriver(Hooks.java:25)
	at com.test.Hooks.getDriver(Hooks.java:25)
	at com.test.Hooks.getDriver(Hooks.java:25)
	at com.test.Hooks.getDriver(Hooks.java:25)
	at com.test.Hooks.getDriver(Hooks.java:25)
]]></error>
  </testcase>
  <testcase name="" classname="Cenário: Abri hinario com sucesso" time="0.0">
    <skipped/>
  </testcase>
  <testcase name="Dado que eu abra o aplicativo biblia sagrada" classname="Cenário: Abri hinario com sucesso" time="0.0">
    <skipped/>
  </testcase>
  <testcase name="Quando eu clicar no icone hinario" classname="Cenário: Abri hinario com sucesso" time="0.0">
    <skipped/>
  </testcase>
  <testcase name="Entao vou visualizar os hinos" classname="Cenário: Abri hinario com sucesso" time="0.0">
    <skipped/>
  </testcase>
</testsuite>